3:30:26 AM: Source:WebControls.Renderer.Render, Message:Menu retrieved for the User: xgs35gur Details: [[18,'','Insurance',,2,,1,0],[2,'','Admin',,3,,1,0],[30,'','Sales Turn-In',,10,,1,0],[46,'','Tools',,13,'fin',1,0],[12,,'User Administration','/PaymentToolmsc/admin/users.aspx',1,'adm',1,2],[44,,'Branch Administration','/PaymentToolmsc/admin/DOs.aspx',2,'adm',1,2],[48,'.','Manage Recurring','/PaymentToolmsc/forms/ManageEnrollment.aspx',1,'dsr,iss,fie,pss',1,18],[19,'.','Down Payment','/PaymentToolmsc/forms/newinsurance.aspx',2,'dsr,fie,pss',1,18],[54,'.','Installment Payment','/PaymentToolmsc/forms/newinsurance.aspx',3,'dsr,iss,fie,pss',1,18],[28,'.','Reports','/PaymentToolmscr/Reports/ins_reports.aspx',4,'man,fin,pss',1,18],[29,'.','My Reports','/PaymentToolmscr/Reports/ins_usr_reports.aspx',5,'dsr,iss,fie',1,18],[56,'','ACH Enrollment Pilot','/PaymentToolmsc/forms/ACHEnrollmentPilot.aspx',6,'iss',1,18],[57,'','View Scheduled Payments','/PaymentToolmsc/forms/ScheduledPayments.aspx',7,'dsr,fie,man,iss,pss,cas',1,18],[31,,'My Turn-In','/PaymentToolmscr/reports/salesturnIn_report.aspx',1,'fie',1,30],[32,,'Cashier\'s Reconciliation','/PaymentToolmscr/reports/CashierReconciliation_Report.aspx',2,'cas',1,30],[33,,'Reports','/PaymentToolmscr/Reports/TurnIn_General_Report.aspx',3,'man,cas,fin',1,30],[43,,'Manual Update','/PaymentToolmscr/reports/Manual_Update_Search.aspx',2,'fin',1,46]]
10:02:01 PM: Source:InsuranceClasses.WebService.Insurance.CheckPolicy, Message:Payment request to Payment Central - Billing Summary Request : 
<?xml version="1.0" encoding="utf-16"?>
<retrievePolicyBillingSummariesRequest xmlns:xsd="http://www.w3.org/2001/XMLSchema" xmlns:xsi="http://www.w3.org/2001/XMLSchema-instance">
  <applicationContext>
    <transactionType xmlns="http://www.aaancnuit.com.AAANCNU_Common_version2">INCL_ALL_ELIG</transactionType>
    <application xmlns="http://www.aaancnuit.com.AAANCNU_Common_version2">PMTTOOL</application>
    <address xmlns="http://www.aaancnuit.com.AAANCNU_Common_version2">172.24.24.59</address>
  </applicationContext>
  <policies>
    <policyNumber xmlns="http://www.aaancnuit.com.AAANCNU_RetrievePolicyBillingSummaries_version2">AZH4900032384</policyNumber>
    <dataSource xmlns="http://www.aaancnuit.com.AAANCNU_RetrievePolicyBillingSummaries_version2" />
    <type xmlns="http://www.aaancnuit.com.AAANCNU_RetrievePolicyBillingSummaries_version2">HO</type>
  </policies>
</retrievePolicyBillingSummariesRequest>
10:02:02 PM: Source:InsuranceClasses.WebService.Insurance.CheckPolicy, Message:Payment response from Payment Central - Billing Summary Request : 
<?xml version="1.0" encoding="utf-16"?>
<retrievePolicyBillingSummariesResponse xmlns:xsd="http://www.w3.org/2001/XMLSchema" xmlns:xsi="http://www.w3.org/2001/XMLSchema-instance">
  <billingSummaries>
    <policyBillingSummary xmlns="http://www.aaancnuit.com.AAANCNU_RetrievePolicyBillingSummaries_version2">
      <policy>
        <lineOfBusiness>PC</lineOfBusiness>
        <policyNumber>AZH4900032384</policyNumber>
        <riskState>AZ</riskState>
        <type>HO</type>
        <termEffectiveDate>2018-04-04</termEffectiveDate>
        <termExpirationDate>2019-04-04</termExpirationDate>
        <status>A</status>
        <statusDescription>Active</statusDescription>
        <writingCompany>1KICO</writingCompany>
        <renewalFlag>true</renewalFlag>
        <dataSource>PAS</dataSource>
        <insureds>
          <namedInsuredSummary>
            <name>
              <firstName>LEE</firstName>
              <lastName>CANTON</lastName>
              <fullName>LEE CANTON</fullName>
            </name>
            <preferredPostalAddress>
              <cityName>MESA</cityName>
              <zipCode>85213</zipCode>
              <streetAddressLine>E BROWN RD</streetAddressLine>
              <isoRegionCode>AZ</isoRegionCode>
            </preferredPostalAddress>
          </namedInsuredSummary>
        </insureds>
        <additionalInterests>
          <additionalInterest>
            <billTo>N</billTo>
          </additionalInterest>
        </additionalInterests>
      </policy>
      <billingSummary>
        <remainingInstallments>0</remainingInstallments>
        <currentBalance>284.00</currentBalance>
        <payOffAmount>284.00</payOffAmount>
        <bill>
          <installmentNumber>1</installmentNumber>
          <statementDate>2018-03-27</statementDate>
          <dueDate>2018-04-04</dueDate>
          <previousBalance>0.00</previousBalance>
          <installmentAmount>142.00</installmentAmount>
          <totalBillAmountDue>142.00</totalBillAmountDue>
          <paymentPlan>DIRECT</paymentPlan>
          <billingPlan>ANN</billingPlan>
        </bill>
        <lastPayment>
          <status>active</status>
        </lastPayment>
        <setupAutoPayReasonCode>ELIG_EFF_IMM</setupAutoPayReasonCode>
        <setupAutoPayEffectiveDate>2017-07-04T05:02:02.507Z</setupAutoPayEffectiveDate>
        <updateAutoPayReasonCode>NOT_ELIGIBLE</updateAutoPayReasonCode>
        <cancelAutoPayReasonCode>NOT_ELIGIBLE</cancelAutoPayReasonCode>
      </billingSummary>
    </policyBillingSummary>
  </billingSummaries>
</retrievePolicyBillingSummariesResponse>
10:03:10 PM: Source:header_aspx.ProcessRequest, Message:Menu retrieved for the User: xgs35gur Details: [[18,'','Insurance',,2,,1,0],[2,'','Admin',,3,,1,0],[30,'','Sales Turn-In',,10,,1,0],[46,'','Tools',,13,'fin',1,0],[12,,'User Administration','/PaymentToolmsc/admin/users.aspx',1,'adm',1,2],[44,,'Branch Administration','/PaymentToolmsc/admin/DOs.aspx',2,'adm',1,2],[48,'.','Manage Recurring','/PaymentToolmsc/forms/ManageEnrollment.aspx',1,'dsr,iss,fie,pss',1,18],[19,'.','Down Payment','/PaymentToolmsc/forms/newinsurance.aspx',2,'dsr,fie,pss',1,18],[54,'.','Installment Payment','/PaymentToolmsc/forms/newinsurance.aspx',3,'dsr,iss,fie,pss',1,18],[28,'.','Reports','/PaymentToolmscr/Reports/ins_reports.aspx',4,'man,fin,pss',1,18],[29,'.','My Reports','/PaymentToolmscr/Reports/ins_usr_reports.aspx',5,'dsr,iss,fie',1,18],[56,'','ACH Enrollment Pilot','/PaymentToolmsc/forms/ACHEnrollmentPilot.aspx',6,'iss',1,18],[57,'','View Scheduled Payments','/PaymentToolmsc/forms/ScheduledPayments.aspx',7,'dsr,fie,man,iss,pss,cas',1,18],[31,,'My Turn-In','/PaymentToolmscr/reports/salesturnIn_report.aspx',1,'fie',1,30],[32,,'Cashier\'s Reconciliation','/PaymentToolmscr/reports/CashierReconciliation_Report.aspx',2,'cas',1,30],[33,,'Reports','/PaymentToolmscr/Reports/TurnIn_General_Report.aspx',3,'man,cas,fin',1,30],[43,,'Manual Update','/PaymentToolmscr/reports/Manual_Update_Search.aspx',2,'fin',1,46]]
10:03:52 PM: Source:InsuranceClasses.WebService.Insurance.CheckPolicy, Message:Payment request to Payment Central - Billing Summary Request : 
<?xml version="1.0" encoding="utf-16"?>
<retrievePolicyBillingSummariesRequest xmlns:xsd="http://www.w3.org/2001/XMLSchema" xmlns:xsi="http://www.w3.org/2001/XMLSchema-instance">
  <applicationContext>
    <transactionType xmlns="http://www.aaancnuit.com.AAANCNU_Common_version2">INCL_ALL_ELIG</transactionType>
    <application xmlns="http://www.aaancnuit.com.AAANCNU_Common_version2">PMTTOOL</application>
    <address xmlns="http://www.aaancnuit.com.AAANCNU_Common_version2">172.24.24.59</address>
  </applicationContext>
  <policies>
    <policyNumber xmlns="http://www.aaancnuit.com.AAANCNU_RetrievePolicyBillingSummaries_version2">AZH4900032384</policyNumber>
    <dataSource xmlns="http://www.aaancnuit.com.AAANCNU_RetrievePolicyBillingSummaries_version2" />
    <type xmlns="http://www.aaancnuit.com.AAANCNU_RetrievePolicyBillingSummaries_version2">HO</type>
  </policies>
</retrievePolicyBillingSummariesRequest>
10:03:52 PM: Source:InsuranceClasses.WebService.Insurance.CheckPolicy, Message:Payment response from Payment Central - Billing Summary Request : 
<?xml version="1.0" encoding="utf-16"?>
<retrievePolicyBillingSummariesResponse xmlns:xsd="http://www.w3.org/2001/XMLSchema" xmlns:xsi="http://www.w3.org/2001/XMLSchema-instance">
  <billingSummaries>
    <policyBillingSummary xmlns="http://www.aaancnuit.com.AAANCNU_RetrievePolicyBillingSummaries_version2">
      <policy>
        <lineOfBusiness>PC</lineOfBusiness>
        <policyNumber>AZH4900032384</policyNumber>
        <riskState>AZ</riskState>
        <type>HO</type>
        <termEffectiveDate>2018-04-04</termEffectiveDate>
        <termExpirationDate>2019-04-04</termExpirationDate>
        <status>A</status>
        <statusDescription>Active</statusDescription>
        <writingCompany>1KICO</writingCompany>
        <renewalFlag>true</renewalFlag>
        <dataSource>PAS</dataSource>
        <insureds>
          <namedInsuredSummary>
            <name>
              <firstName>LEE</firstName>
              <lastName>CANTON</lastName>
              <fullName>LEE CANTON</fullName>
            </name>
            <preferredPostalAddress>
              <cityName>MESA</cityName>
              <zipCode>85213</zipCode>
              <streetAddressLine>E BROWN RD</streetAddressLine>
              <isoRegionCode>AZ</isoRegionCode>
            </preferredPostalAddress>
          </namedInsuredSummary>
        </insureds>
        <additionalInterests>
          <additionalInterest>
            <billTo>N</billTo>
          </additionalInterest>
        </additionalInterests>
      </policy>
      <billingSummary>
        <remainingInstallments>0</remainingInstallments>
        <currentBalance>284.00</currentBalance>
        <payOffAmount>284.00</payOffAmount>
        <bill>
          <installmentNumber>1</installmentNumber>
          <statementDate>2018-03-27</statementDate>
          <dueDate>2018-04-04</dueDate>
          <previousBalance>0.00</previousBalance>
          <installmentAmount>142.00</installmentAmount>
          <totalBillAmountDue>142.00</totalBillAmountDue>
          <paymentPlan>DIRECT</paymentPlan>
          <billingPlan>ANN</billingPlan>
        </bill>
        <lastPayment>
          <status>active</status>
        </lastPayment>
        <setupAutoPayReasonCode>ELIG_EFF_IMM</setupAutoPayReasonCode>
        <setupAutoPayEffectiveDate>2017-07-04T05:03:52.67Z</setupAutoPayEffectiveDate>
        <updateAutoPayReasonCode>NOT_ELIGIBLE</updateAutoPayReasonCode>
        <cancelAutoPayReasonCode>NOT_ELIGIBLE</cancelAutoPayReasonCode>
      </billingSummary>
    </policyBillingSummary>
  </billingSummaries>
</retrievePolicyBillingSummariesResponse>
10:05:08 PM: Source:header_aspx.ProcessRequest, Message:Menu retrieved for the User: xgs35gur Details: [[18,'','Insurance',,2,,1,0],[2,'','Admin',,3,,1,0],[30,'','Sales Turn-In',,10,,1,0],[46,'','Tools',,13,'fin',1,0],[12,,'User Administration','/PaymentToolmsc/admin/users.aspx',1,'adm',1,2],[44,,'Branch Administration','/PaymentToolmsc/admin/DOs.aspx',2,'adm',1,2],[48,'.','Manage Recurring','/PaymentToolmsc/forms/ManageEnrollment.aspx',1,'dsr,iss,fie,pss',1,18],[19,'.','Down Payment','/PaymentToolmsc/forms/newinsurance.aspx',2,'dsr,fie,pss',1,18],[54,'.','Installment Payment','/PaymentToolmsc/forms/newinsurance.aspx',3,'dsr,iss,fie,pss',1,18],[28,'.','Reports','/PaymentToolmscr/Reports/ins_reports.aspx',4,'man,fin,pss',1,18],[29,'.','My Reports','/PaymentToolmscr/Reports/ins_usr_reports.aspx',5,'dsr,iss,fie',1,18],[56,'','ACH Enrollment Pilot','/PaymentToolmsc/forms/ACHEnrollmentPilot.aspx',6,'iss',1,18],[57,'','View Scheduled Payments','/PaymentToolmsc/forms/ScheduledPayments.aspx',7,'dsr,fie,man,iss,pss,cas',1,18],[31,,'My Turn-In','/PaymentToolmscr/reports/salesturnIn_report.aspx',1,'fie',1,30],[32,,'Cashier\'s Reconciliation','/PaymentToolmscr/reports/CashierReconciliation_Report.aspx',2,'cas',1,30],[33,,'Reports','/PaymentToolmscr/Reports/TurnIn_General_Report.aspx',3,'man,cas,fin',1,30],[43,,'Manual Update','/PaymentToolmscr/reports/Manual_Update_Search.aspx',2,'fin',1,46]]
10:05:16 PM: Source:InsuranceClasses.WebService.Insurance.CheckPolicy, Message:Payment request to Payment Central - Billing Summary Request : 
<?xml version="1.0" encoding="utf-16"?>
<retrievePolicyBillingSummariesRequest xmlns:xsd="http://www.w3.org/2001/XMLSchema" xmlns:xsi="http://www.w3.org/2001/XMLSchema-instance">
  <applicationContext>
    <transactionType xmlns="http://www.aaancnuit.com.AAANCNU_Common_version2">INCL_ALL_ELIG</transactionType>
    <application xmlns="http://www.aaancnuit.com.AAANCNU_Common_version2">PMTTOOL</application>
    <address xmlns="http://www.aaancnuit.com.AAANCNU_Common_version2">172.24.24.59</address>
  </applicationContext>
  <policies>
    <policyNumber xmlns="http://www.aaancnuit.com.AAANCNU_RetrievePolicyBillingSummaries_version2">AZH4900032384</policyNumber>
    <dataSource xmlns="http://www.aaancnuit.com.AAANCNU_RetrievePolicyBillingSummaries_version2" />
    <type xmlns="http://www.aaancnuit.com.AAANCNU_RetrievePolicyBillingSummaries_version2">HO</type>
  </policies>
</retrievePolicyBillingSummariesRequest>
10:05:16 PM: Source:InsuranceClasses.WebService.Insurance.CheckPolicy, Message:Payment response from Payment Central - Billing Summary Request : 
<?xml version="1.0" encoding="utf-16"?>
<retrievePolicyBillingSummariesResponse xmlns:xsd="http://www.w3.org/2001/XMLSchema" xmlns:xsi="http://www.w3.org/2001/XMLSchema-instance">
  <billingSummaries>
    <policyBillingSummary xmlns="http://www.aaancnuit.com.AAANCNU_RetrievePolicyBillingSummaries_version2">
      <policy>
        <lineOfBusiness>PC</lineOfBusiness>
        <policyNumber>AZH4900032384</policyNumber>
        <riskState>AZ</riskState>
        <type>HO</type>
        <termEffectiveDate>2018-04-04</termEffectiveDate>
        <termExpirationDate>2019-04-04</termExpirationDate>
        <status>A</status>
        <statusDescription>Active</statusDescription>
        <writingCompany>1KICO</writingCompany>
        <renewalFlag>true</renewalFlag>
        <dataSource>PAS</dataSource>
        <insureds>
          <namedInsuredSummary>
            <name>
              <firstName>LEE</firstName>
              <lastName>CANTON</lastName>
              <fullName>LEE CANTON</fullName>
            </name>
            <preferredPostalAddress>
              <cityName>MESA</cityName>
              <zipCode>85213</zipCode>
              <streetAddressLine>E BROWN RD</streetAddressLine>
              <isoRegionCode>AZ</isoRegionCode>
            </preferredPostalAddress>
          </namedInsuredSummary>
        </insureds>
        <additionalInterests>
          <additionalInterest>
            <billTo>N</billTo>
          </additionalInterest>
        </additionalInterests>
      </policy>
      <billingSummary>
        <remainingInstallments>0</remainingInstallments>
        <currentBalance>284.00</currentBalance>
        <payOffAmount>284.00</payOffAmount>
        <bill>
          <installmentNumber>1</installmentNumber>
          <statementDate>2018-03-27</statementDate>
          <dueDate>2018-04-04</dueDate>
          <previousBalance>0.00</previousBalance>
          <installmentAmount>142.00</installmentAmount>
          <totalBillAmountDue>142.00</totalBillAmountDue>
          <paymentPlan>DIRECT</paymentPlan>
          <billingPlan>ANN</billingPlan>
        </bill>
        <lastPayment>
          <status>active</status>
        </lastPayment>
        <setupAutoPayReasonCode>ELIG_EFF_IMM</setupAutoPayReasonCode>
        <setupAutoPayEffectiveDate>2017-07-04T05:05:16.853Z</setupAutoPayEffectiveDate>
        <updateAutoPayReasonCode>NOT_ELIGIBLE</updateAutoPayReasonCode>
        <cancelAutoPayReasonCode>NOT_ELIGIBLE</cancelAutoPayReasonCode>
      </billingSummary>
    </policyBillingSummary>
  </billingSummaries>
</retrievePolicyBillingSummariesResponse>
10:06:48 PM: Source:OrderClasses.WebService.Order.ProcessOrder, Message:Payment Central flow starts
10:06:51 PM: Source:OrderClasses.OrderInfo.Process, Message:Payment request to Payment Central - IDP Request : 
<?xml version="1.0" encoding="utf-16"?>
<IssueDirectPaymentRequest1 xmlns:xsd="http://www.w3.org/2001/XMLSchema" xmlns:xsi="http://www.w3.org/2001/XMLSchema-instance">
  <issueDirectPaymentRequest>
    <applicationContext>
      <application xmlns="http://www.aaancnuit.com.AAANCNU_Common_version2">PMTTOOL</application>
    </applicationContext>
    <externalReferenceNumber>APDS8202246</externalReferenceNumber>
    <agentIdentifier>1235689449</agentIdentifier>
    <agency>0</agency>
    <userId>xgs35gur</userId>
    <districtOffice>500</districtOffice>
    <authenticationChannel>F2F</authenticationChannel>
    <totalAmount>1</totalAmount>
    <lineItems>
      <lineItem xmlns="http://www.aaancnuit.com.AAANCNU_IssueDirectPayment_version2">
        <amount>1</amount>
        <amountFor>INST</amountFor>
        <policyInfo>
          <policyNumber>AZH4900032384</policyNumber>
          <riskState>AZ</riskState>
          <dataSource>PAS</dataSource>
          <writingCompany>1KICO</writingCompany>
          <type>HO</type>
        </policyInfo>
      </lineItem>
    </lineItems>
    <paymentItems>
      <paymentItem xmlns="http://www.aaancnuit.com.AAANCNU_IssueDirectPayment_version2">
        <paymentMethod>CHCK</paymentMethod>
        <amount>1</amount>
        <checkNumber>123654</checkNumber>
      </paymentItem>
    </paymentItems>
    <emailTo />
  </issueDirectPaymentRequest>
</IssueDirectPaymentRequest1>
10:06:52 PM: Source:OrderClassesII.IssueDirectPaymentWrapper.HandleFaultException, Message:Payment response from Payment Central - Payment token Response : 
<?xml version="1.0" encoding="utf-16"?>
<MaintainPaymentAccountResponse xmlns:xsd="http://www.w3.org/2001/XMLSchema" xmlns:xsi="http://www.w3.org/2001/XMLSchema-instance" />
10:06:52 PM: Source:OrderClassesII.IssueDirectPaymentWrapper.HandleFaultException, Message:Payment Response from Payment Central - IDP Response : 
<?xml version="1.0" encoding="utf-16"?>
<IssueDirectPaymentResponse1 xmlns:xsd="http://www.w3.org/2001/XMLSchema" xmlns:xsi="http://www.w3.org/2001/XMLSchema-instance" />
10:06:52 PM: Source:OrderClassesII.IssueDirectPaymentWrapper.ProcessInsurance, Message:User: xgs35gur SOAB301 Not a valid agent ID
10:06:52 PM: Source:OrderClasses.WebService.Order.ProcessOrder, Message:Payment Central flow ends
10:07:54 PM: Source:InsuranceClasses.WebService.Insurance.CheckPolicy, Message:Payment request to Payment Central - Billing Summary Request : 
<?xml version="1.0" encoding="utf-16"?>
<retrievePolicyBillingSummariesRequest xmlns:xsd="http://www.w3.org/2001/XMLSchema" xmlns:xsi="http://www.w3.org/2001/XMLSchema-instance">
  <applicationContext>
    <transactionType xmlns="http://www.aaancnuit.com.AAANCNU_Common_version2">INCL_ALL_ELIG</transactionType>
    <application xmlns="http://www.aaancnuit.com.AAANCNU_Common_version2">PMTTOOL</application>
    <address xmlns="http://www.aaancnuit.com.AAANCNU_Common_version2">172.24.24.59</address>
  </applicationContext>
  <policies>
    <policyNumber xmlns="http://www.aaancnuit.com.AAANCNU_RetrievePolicyBillingSummaries_version2">AZH4900032384</policyNumber>
    <dataSource xmlns="http://www.aaancnuit.com.AAANCNU_RetrievePolicyBillingSummaries_version2" />
    <type xmlns="http://www.aaancnuit.com.AAANCNU_RetrievePolicyBillingSummaries_version2">HO</type>
  </policies>
</retrievePolicyBillingSummariesRequest>
10:07:54 PM: Source:InsuranceClasses.WebService.Insurance.CheckPolicy, Message:Payment response from Payment Central - Billing Summary Request : 
<?xml version="1.0" encoding="utf-16"?>
<retrievePolicyBillingSummariesResponse xmlns:xsd="http://www.w3.org/2001/XMLSchema" xmlns:xsi="http://www.w3.org/2001/XMLSchema-instance">
  <billingSummaries>
    <policyBillingSummary xmlns="http://www.aaancnuit.com.AAANCNU_RetrievePolicyBillingSummaries_version2">
      <policy>
        <lineOfBusiness>PC</lineOfBusiness>
        <policyNumber>AZH4900032384</policyNumber>
        <riskState>AZ</riskState>
        <type>HO</type>
        <termEffectiveDate>2018-04-04</termEffectiveDate>
        <termExpirationDate>2019-04-04</termExpirationDate>
        <status>A</status>
        <statusDescription>Active</statusDescription>
        <writingCompany>1KICO</writingCompany>
        <renewalFlag>true</renewalFlag>
        <dataSource>PAS</dataSource>
        <insureds>
          <namedInsuredSummary>
            <name>
              <firstName>LEE</firstName>
              <lastName>CANTON</lastName>
              <fullName>LEE CANTON</fullName>
            </name>
            <preferredPostalAddress>
              <cityName>MESA</cityName>
              <zipCode>85213</zipCode>
              <streetAddressLine>E BROWN RD</streetAddressLine>
              <isoRegionCode>AZ</isoRegionCode>
            </preferredPostalAddress>
          </namedInsuredSummary>
        </insureds>
        <additionalInterests>
          <additionalInterest>
            <billTo>N</billTo>
          </additionalInterest>
        </additionalInterests>
      </policy>
      <billingSummary>
        <remainingInstallments>0</remainingInstallments>
        <currentBalance>284.00</currentBalance>
        <payOffAmount>284.00</payOffAmount>
        <bill>
          <installmentNumber>1</installmentNumber>
          <statementDate>2018-03-27</statementDate>
          <dueDate>2018-04-04</dueDate>
          <previousBalance>0.00</previousBalance>
          <installmentAmount>142.00</installmentAmount>
          <totalBillAmountDue>142.00</totalBillAmountDue>
          <paymentPlan>DIRECT</paymentPlan>
          <billingPlan>ANN</billingPlan>
        </bill>
        <lastPayment>
          <status>active</status>
        </lastPayment>
        <setupAutoPayReasonCode>ELIG_EFF_IMM</setupAutoPayReasonCode>
        <setupAutoPayEffectiveDate>2017-07-04T05:07:54.497Z</setupAutoPayEffectiveDate>
        <updateAutoPayReasonCode>NOT_ELIGIBLE</updateAutoPayReasonCode>
        <cancelAutoPayReasonCode>NOT_ELIGIBLE</cancelAutoPayReasonCode>
      </billingSummary>
    </policyBillingSummary>
  </billingSummaries>
</retrievePolicyBillingSummariesResponse>
10:09:06 PM: Source:OrderClasses.WebService.Order.ProcessOrder, Message:Payment Central flow starts
10:09:07 PM: Source:OrderClassesII.IssueDirectPaymentWrapper.ProcessInsurance, Message:Payment request to Payment Central - Payment token Request : 
<?xml version="1.0" encoding="utf-16"?>
<MaintainPaymentAccountRequest xmlns:xsd="http://www.w3.org/2001/XMLSchema" xmlns:xsi="http://www.w3.org/2001/XMLSchema-instance">
  <MaintainPaymentAccountRequest1>
    <paymentSourceSystem>PMTTOOL</paymentSourceSystem>
    <userId>xgs35gur</userId>
    <paymentAcctFopType>CRDC</paymentAcctFopType>
    <paymentAccountToken />
    <paymentCardNumber>5454545454545454</paymentCardNumber>
    <paymentCardHolderName>LEE CANTON</paymentCardHolderName>
    <paymentCardExpirationDate>2020-08-01T00:00:00</paymentCardExpirationDate>
    <paymentCardCity />
    <paymentCardState>CA</paymentCardState>
    <paymentCardZip>78965</paymentCardZip>
    <saveForFuture>false</saveForFuture>
  </MaintainPaymentAccountRequest1>
</MaintainPaymentAccountRequest>
10:09:08 PM: Source:OrderClassesII.IssueDirectPaymentWrapper.ProcessInsurance, Message:Payment response from Payment Central - Payment token Response : 
<?xml version="1.0" encoding="utf-16"?>
<MaintainPaymentAccountResponse xmlns:xsd="http://www.w3.org/2001/XMLSchema" xmlns:xsi="http://www.w3.org/2001/XMLSchema-instance">
  <MaintainPaymentAccountResponse1>
    <paymentSourceSystem>PMTTOOL</paymentSourceSystem>
    <userId>xgs35gur</userId>
    <paymentAccountToken>7A8A6BDD-2AC0-1DB4-A491-ED744A42A653</paymentAccountToken>
    <paymentAcctFopType>CRDC</paymentAcctFopType>
    <paymentCardLast4>5454</paymentCardLast4>
    <paymentCardHolderName>LEE CANTON</paymentCardHolderName>
    <paymentCardExpirationDate>2020-08-01T00:00:00-07:00</paymentCardExpirationDate>
    <paymentCardAddrLine1>8230 POST RD</paymentCardAddrLine1>
    <paymentCardAddrLine2>2304 GRAND CENTRAL AVE</paymentCardAddrLine2>
    <paymentCardCity> </paymentCardCity>
    <paymentCardState>CA</paymentCardState>
    <paymentCardZip>78965</paymentCardZip>
  </MaintainPaymentAccountResponse1>
</MaintainPaymentAccountResponse>
10:09:12 PM: Source:OrderClasses.WebService.Order.ProcessOrder, Message:Payment Central flow ends
10:09:45 PM: Source:OrderClasses.WebService.Order.ProcessOrder, Message:Payment Central flow starts
10:09:47 PM: Source:OrderClasses.OrderInfo.Process, Message:Payment request to Payment Central - IDP Request : 
<?xml version="1.0" encoding="utf-16"?>
<IssueDirectPaymentRequest1 xmlns:xsd="http://www.w3.org/2001/XMLSchema" xmlns:xsi="http://www.w3.org/2001/XMLSchema-instance">
  <issueDirectPaymentRequest>
    <applicationContext>
      <application xmlns="http://www.aaancnuit.com.AAANCNU_Common_version2">PMTTOOL</application>
    </applicationContext>
    <externalReferenceNumber>APDS8202248</externalReferenceNumber>
    <agentIdentifier>1235689449</agentIdentifier>
    <agency>0</agency>
    <userId>xgs35gur</userId>
    <districtOffice>500</districtOffice>
    <authenticationChannel>F2F</authenticationChannel>
    <totalAmount>1</totalAmount>
    <lineItems>
      <lineItem xmlns="http://www.aaancnuit.com.AAANCNU_IssueDirectPayment_version2">
        <amount>1</amount>
        <amountFor>INST</amountFor>
        <policyInfo>
          <policyNumber>AZH4900032384</policyNumber>
          <riskState>AZ</riskState>
          <dataSource>PAS</dataSource>
          <writingCompany>1KICO</writingCompany>
          <type>HO</type>
        </policyInfo>
      </lineItem>
    </lineItems>
    <paymentItems>
      <paymentItem xmlns="http://www.aaancnuit.com.AAANCNU_IssueDirectPayment_version2">
        <paymentMethod>CRDC</paymentMethod>
        <amount>1</amount>
        <paymentAccountToken>7A8A6BDD-2AC0-1DB4-A491-ED744A42A653</paymentAccountToken>
        <card>
          <expirationDate>2020-08-01</expirationDate>
          <zipCode>78965</zipCode>
          <isCardPresent>true</isCardPresent>
        </card>
      </paymentItem>
    </paymentItems>
    <emailTo />
  </issueDirectPaymentRequest>
</IssueDirectPaymentRequest1>
10:09:48 PM: Source:OrderClasses.OrderInfo.Process, Message:Payment Response from Payment Central - IDP Response : 
<?xml version="1.0" encoding="utf-16"?>
<IssueDirectPaymentResponse1 xmlns:xsd="http://www.w3.org/2001/XMLSchema" xmlns:xsi="http://www.w3.org/2001/XMLSchema-instance">
  <issueDirectPaymentResponse>
    <applicationContext>
      <application xmlns="http://www.aaancnuit.com.AAANCNU_Common_version2">PMTTOOL</application>
      <correlationId xmlns="http://www.aaancnuit.com.AAANCNU_Common_version2">B09A54F9-7F15-6976-688C-75799944218A</correlationId>
    </applicationContext>
    <externalReferenceNumber>APDS8202248</externalReferenceNumber>
    <receiptNumber>1078540</receiptNumber>
    <statusDescription>SUCC</statusDescription>
    <paymentDateTime>2017-07-04T05:09:47.976Z</paymentDateTime>
    <paymentItems>
      <paymentItem xmlns="http://www.aaancnuit.com.AAANCNU_IssueDirectPayment_version2">
        <paymentMethod>CRDC</paymentMethod>
        <amount>1</amount>
        <paymentAccountToken>7A8A6BDD-2AC0-1DB4-A491-ED744A42A653</paymentAccountToken>
        <card>
          <expirationDate>2020-08-01</expirationDate>
          <zipCode>78965</zipCode>
          <isCardPresent>true</isCardPresent>
          <paymentAuthorization>
            <returnCode>tst696</returnCode>
            <authorizationCode>A</authorizationCode>
            <actualMessage>100-APPROVED    </actualMessage>
          </paymentAuthorization>
        </card>
      </paymentItem>
    </paymentItems>
  </issueDirectPaymentResponse>
</IssueDirectPaymentResponse1>
10:09:50 PM: Source:OrderClasses.WebService.Order.ProcessOrder, Message:Payment Central flow ends
10:11:12 PM: Source:InsuranceClasses.WebService.Insurance.CheckPolicy, Message:Payment request to Payment Central - Billing Summary Request : 
<?xml version="1.0" encoding="utf-16"?>
<retrievePolicyBillingSummariesRequest xmlns:xsd="http://www.w3.org/2001/XMLSchema" xmlns:xsi="http://www.w3.org/2001/XMLSchema-instance">
  <applicationContext>
    <transactionType xmlns="http://www.aaancnuit.com.AAANCNU_Common_version2">INCL_ALL_ELIG</transactionType>
    <application xmlns="http://www.aaancnuit.com.AAANCNU_Common_version2">PMTTOOL</application>
    <address xmlns="http://www.aaancnuit.com.AAANCNU_Common_version2">172.24.24.59</address>
  </applicationContext>
  <policies>
    <policyNumber xmlns="http://www.aaancnuit.com.AAANCNU_RetrievePolicyBillingSummaries_version2">AZH4900032384</policyNumber>
    <dataSource xmlns="http://www.aaancnuit.com.AAANCNU_RetrievePolicyBillingSummaries_version2" />
    <type xmlns="http://www.aaancnuit.com.AAANCNU_RetrievePolicyBillingSummaries_version2">HO</type>
  </policies>
</retrievePolicyBillingSummariesRequest>
10:11:20 PM: Source:InsuranceClasses.WebService.Insurance.CheckPolicy, Message:Payment response from Payment Central - Billing Summary Request : 
<?xml version="1.0" encoding="utf-16"?>
<retrievePolicyBillingSummariesResponse xmlns:xsd="http://www.w3.org/2001/XMLSchema" xmlns:xsi="http://www.w3.org/2001/XMLSchema-instance">
  <billingSummaries>
    <policyBillingSummary xmlns="http://www.aaancnuit.com.AAANCNU_RetrievePolicyBillingSummaries_version2">
      <policy>
        <lineOfBusiness>PC</lineOfBusiness>
        <policyNumber>AZH4900032384</policyNumber>
        <riskState>AZ</riskState>
        <type>HO</type>
        <termEffectiveDate>2018-04-04</termEffectiveDate>
        <termExpirationDate>2019-04-04</termExpirationDate>
        <status>A</status>
        <statusDescription>Active</statusDescription>
        <writingCompany>1KICO</writingCompany>
        <renewalFlag>true</renewalFlag>
        <dataSource>PAS</dataSource>
        <insureds>
          <namedInsuredSummary>
            <name>
              <firstName>LEE</firstName>
              <lastName>CANTON</lastName>
              <fullName>LEE CANTON</fullName>
            </name>
            <preferredPostalAddress>
              <cityName>MESA</cityName>
              <zipCode>85213</zipCode>
              <streetAddressLine>E BROWN RD</streetAddressLine>
              <isoRegionCode>AZ</isoRegionCode>
            </preferredPostalAddress>
          </namedInsuredSummary>
        </insureds>
        <additionalInterests>
          <additionalInterest>
            <billTo>N</billTo>
          </additionalInterest>
        </additionalInterests>
      </policy>
      <billingSummary>
        <remainingInstallments>0</remainingInstallments>
        <currentBalance>284.00</currentBalance>
        <payOffAmount>284.00</payOffAmount>
        <bill>
          <installmentNumber>1</installmentNumber>
          <statementDate>2018-03-27</statementDate>
          <dueDate>2018-04-04</dueDate>
          <previousBalance>0.00</previousBalance>
          <installmentAmount>142.00</installmentAmount>
          <totalBillAmountDue>142.00</totalBillAmountDue>
          <paymentPlan>DIRECT</paymentPlan>
          <billingPlan>ANN</billingPlan>
        </bill>
        <lastPayment>
          <status>active</status>
        </lastPayment>
        <setupAutoPayReasonCode>ELIG_EFF_IMM</setupAutoPayReasonCode>
        <setupAutoPayEffectiveDate>2017-07-04T05:11:13.438Z</setupAutoPayEffectiveDate>
        <updateAutoPayReasonCode>NOT_ELIGIBLE</updateAutoPayReasonCode>
        <cancelAutoPayReasonCode>NOT_ELIGIBLE</cancelAutoPayReasonCode>
      </billingSummary>
    </policyBillingSummary>
  </billingSummaries>
</retrievePolicyBillingSummariesResponse>
10:14:09 PM: Source:OrderClasses.WebService.Order.ProcessOrder, Message:Payment Central flow starts
10:14:23 PM: Source:OrderClasses.OrderInfo.Process, Message:Payment request to Payment Central - IDP Request : 
<?xml version="1.0" encoding="utf-16"?>
<IssueDirectPaymentRequest1 xmlns:xsd="http://www.w3.org/2001/XMLSchema" xmlns:xsi="http://www.w3.org/2001/XMLSchema-instance">
  <issueDirectPaymentRequest>
    <applicationContext>
      <application xmlns="http://www.aaancnuit.com.AAANCNU_Common_version2">PMTTOOL</application>
    </applicationContext>
    <externalReferenceNumber>APDS8202249</externalReferenceNumber>
    <agentIdentifier>1235689449</agentIdentifier>
    <agency>0</agency>
    <userId>xgs35gur</userId>
    <districtOffice>500</districtOffice>
    <authenticationChannel>F2F</authenticationChannel>
    <totalAmount>2</totalAmount>
    <lineItems>
      <lineItem xmlns="http://www.aaancnuit.com.AAANCNU_IssueDirectPayment_version2">
        <amount>2</amount>
        <amountFor>INST</amountFor>
        <policyInfo>
          <policyNumber>AZH4900032384</policyNumber>
          <riskState>AZ</riskState>
          <dataSource>PAS</dataSource>
          <writingCompany>1KICO</writingCompany>
          <type>HO</type>
        </policyInfo>
      </lineItem>
    </lineItems>
    <paymentItems>
      <paymentItem xmlns="http://www.aaancnuit.com.AAANCNU_IssueDirectPayment_version2">
        <paymentMethod>CHCK</paymentMethod>
        <amount>2</amount>
        <checkNumber>123654</checkNumber>
      </paymentItem>
    </paymentItems>
    <emailTo />
  </issueDirectPaymentRequest>
</IssueDirectPaymentRequest1>
10:14:24 PM: Source:OrderClassesII.IssueDirectPaymentWrapper.HandleFaultException, Message:Payment response from Payment Central - Payment token Response : 
<?xml version="1.0" encoding="utf-16"?>
<MaintainPaymentAccountResponse xmlns:xsd="http://www.w3.org/2001/XMLSchema" xmlns:xsi="http://www.w3.org/2001/XMLSchema-instance" />
10:14:24 PM: Source:OrderClassesII.IssueDirectPaymentWrapper.HandleFaultException, Message:Payment Response from Payment Central - IDP Response : 
<?xml version="1.0" encoding="utf-16"?>
<IssueDirectPaymentResponse1 xmlns:xsd="http://www.w3.org/2001/XMLSchema" xmlns:xsi="http://www.w3.org/2001/XMLSchema-instance" />
10:14:24 PM: Source:OrderClassesII.IssueDirectPaymentWrapper.ProcessInsurance, Message:User: xgs35gur SOAB301 Not a valid agent ID
10:14:26 PM: Source:OrderClasses.WebService.Order.ProcessOrder, Message:Payment Central flow ends
10:24:58 PM: Source:InsuranceClasses.WebService.Insurance.CheckPolicy, Message:Payment request to Payment Central - Billing Summary Request : 
<?xml version="1.0" encoding="utf-16"?>
<retrievePolicyBillingSummariesRequest xmlns:xsd="http://www.w3.org/2001/XMLSchema" xmlns:xsi="http://www.w3.org/2001/XMLSchema-instance">
  <applicationContext>
    <transactionType xmlns="http://www.aaancnuit.com.AAANCNU_Common_version2">INCL_ALL_ELIG</transactionType>
    <application xmlns="http://www.aaancnuit.com.AAANCNU_Common_version2">PMTTOOL</application>
    <address xmlns="http://www.aaancnuit.com.AAANCNU_Common_version2">172.24.24.59</address>
  </applicationContext>
  <policies>
    <policyNumber xmlns="http://www.aaancnuit.com.AAANCNU_RetrievePolicyBillingSummaries_version2">AZH4900032384</policyNumber>
    <dataSource xmlns="http://www.aaancnuit.com.AAANCNU_RetrievePolicyBillingSummaries_version2" />
    <type xmlns="http://www.aaancnuit.com.AAANCNU_RetrievePolicyBillingSummaries_version2">HO</type>
  </policies>
</retrievePolicyBillingSummariesRequest>
10:24:59 PM: Source:InsuranceClasses.WebService.Insurance.CheckPolicy, Message:Payment response from Payment Central - Billing Summary Request : 
<?xml version="1.0" encoding="utf-16"?>
<retrievePolicyBillingSummariesResponse xmlns:xsd="http://www.w3.org/2001/XMLSchema" xmlns:xsi="http://www.w3.org/2001/XMLSchema-instance">
  <billingSummaries>
    <policyBillingSummary xmlns="http://www.aaancnuit.com.AAANCNU_RetrievePolicyBillingSummaries_version2">
      <policy>
        <lineOfBusiness>PC</lineOfBusiness>
        <policyNumber>AZH4900032384</policyNumber>
        <riskState>AZ</riskState>
        <type>HO</type>
        <termEffectiveDate>2018-04-04</termEffectiveDate>
        <termExpirationDate>2019-04-04</termExpirationDate>
        <status>A</status>
        <statusDescription>Active</statusDescription>
        <writingCompany>1KICO</writingCompany>
        <renewalFlag>true</renewalFlag>
        <dataSource>PAS</dataSource>
        <insureds>
          <namedInsuredSummary>
            <name>
              <firstName>LEE</firstName>
              <lastName>CANTON</lastName>
              <fullName>LEE CANTON</fullName>
            </name>
            <preferredPostalAddress>
              <cityName>MESA</cityName>
              <zipCode>85213</zipCode>
              <streetAddressLine>E BROWN RD</streetAddressLine>
              <isoRegionCode>AZ</isoRegionCode>
            </preferredPostalAddress>
          </namedInsuredSummary>
        </insureds>
        <additionalInterests>
          <additionalInterest>
            <billTo>N</billTo>
          </additionalInterest>
        </additionalInterests>
      </policy>
      <billingSummary>
        <remainingInstallments>0</remainingInstallments>
        <currentBalance>284.00</currentBalance>
        <payOffAmount>284.00</payOffAmount>
        <bill>
          <installmentNumber>1</installmentNumber>
          <statementDate>2018-03-27</statementDate>
          <dueDate>2018-04-04</dueDate>
          <previousBalance>0.00</previousBalance>
          <installmentAmount>142.00</installmentAmount>
          <totalBillAmountDue>142.00</totalBillAmountDue>
          <paymentPlan>DIRECT</paymentPlan>
          <billingPlan>ANN</billingPlan>
        </bill>
        <lastPayment>
          <status>active</status>
        </lastPayment>
        <setupAutoPayReasonCode>ELIG_EFF_IMM</setupAutoPayReasonCode>
        <setupAutoPayEffectiveDate>2017-07-04T05:24:59.065Z</setupAutoPayEffectiveDate>
        <updateAutoPayReasonCode>NOT_ELIGIBLE</updateAutoPayReasonCode>
        <cancelAutoPayReasonCode>NOT_ELIGIBLE</cancelAutoPayReasonCode>
      </billingSummary>
    </policyBillingSummary>
  </billingSummaries>
</retrievePolicyBillingSummariesResponse>
10:25:41 PM: Source:CSAAWeb.WebControls.Renderer.Render, Message:Menu retrieved for the User: xgs35gur Details: [[18,'','Insurance',,2,,1,0],[2,'','Admin',,3,,1,0],[30,'','Sales Turn-In',,10,,1,0],[46,'','Tools',,13,'fin',1,0],[12,,'User Administration','/PaymentToolmsc/admin/users.aspx',1,'adm',1,2],[44,,'Branch Administration','/PaymentToolmsc/admin/DOs.aspx',2,'adm',1,2],[48,'.','Manage Recurring','/PaymentToolmsc/forms/ManageEnrollment.aspx',1,'dsr,iss,fie,pss',1,18],[19,'.','Down Payment','/PaymentToolmsc/forms/newinsurance.aspx',2,'dsr,fie,pss',1,18],[54,'.','Installment Payment','/PaymentToolmsc/forms/newinsurance.aspx',3,'dsr,iss,fie,pss',1,18],[28,'.','Reports','/PaymentToolmscr/Reports/ins_reports.aspx',4,'man,fin,pss',1,18],[29,'.','My Reports','/PaymentToolmscr/Reports/ins_usr_reports.aspx',5,'dsr,iss,fie',1,18],[56,'','ACH Enrollment Pilot','/PaymentToolmsc/forms/ACHEnrollmentPilot.aspx',6,'iss',1,18],[57,'','View Scheduled Payments','/PaymentToolmsc/forms/ScheduledPayments.aspx',7,'dsr,fie,man,iss,pss,cas',1,18],[31,,'My Turn-In','/PaymentToolmscr/reports/salesturnIn_report.aspx',1,'fie',1,30],[32,,'Cashier\'s Reconciliation','/PaymentToolmscr/reports/CashierReconciliation_Report.aspx',2,'cas',1,30],[33,,'Reports','/PaymentToolmscr/Reports/TurnIn_General_Report.aspx',3,'man,cas,fin',1,30],[43,,'Manual Update','/PaymentToolmscr/reports/Manual_Update_Search.aspx',2,'fin',1,46]]
10:26:08 PM: Source:InsuranceClasses.WebService.Insurance.CheckPolicy, Message:Payment request to Payment Central - Billing Summary Request : 
<?xml version="1.0" encoding="utf-16"?>
<retrievePolicyBillingSummariesRequest xmlns:xsd="http://www.w3.org/2001/XMLSchema" xmlns:xsi="http://www.w3.org/2001/XMLSchema-instance">
  <applicationContext>
    <transactionType xmlns="http://www.aaancnuit.com.AAANCNU_Common_version2">INCL_ALL_ELIG</transactionType>
    <application xmlns="http://www.aaancnuit.com.AAANCNU_Common_version2">PMTTOOL</application>
    <address xmlns="http://www.aaancnuit.com.AAANCNU_Common_version2">172.24.24.59</address>
  </applicationContext>
  <policies>
    <policyNumber xmlns="http://www.aaancnuit.com.AAANCNU_RetrievePolicyBillingSummaries_version2">AZH4900032384</policyNumber>
    <dataSource xmlns="http://www.aaancnuit.com.AAANCNU_RetrievePolicyBillingSummaries_version2" />
    <type xmlns="http://www.aaancnuit.com.AAANCNU_RetrievePolicyBillingSummaries_version2">HO</type>
  </policies>
</retrievePolicyBillingSummariesRequest>
10:26:08 PM: Source:InsuranceClasses.WebService.Insurance.CheckPolicy, Message:Payment response from Payment Central - Billing Summary Request : 
<?xml version="1.0" encoding="utf-16"?>
<retrievePolicyBillingSummariesResponse xmlns:xsd="http://www.w3.org/2001/XMLSchema" xmlns:xsi="http://www.w3.org/2001/XMLSchema-instance">
  <billingSummaries>
    <policyBillingSummary xmlns="http://www.aaancnuit.com.AAANCNU_RetrievePolicyBillingSummaries_version2">
      <policy>
        <lineOfBusiness>PC</lineOfBusiness>
        <policyNumber>AZH4900032384</policyNumber>
        <riskState>AZ</riskState>
        <type>HO</type>
        <termEffectiveDate>2018-04-04</termEffectiveDate>
        <termExpirationDate>2019-04-04</termExpirationDate>
        <status>A</status>
        <statusDescription>Active</statusDescription>
        <writingCompany>1KICO</writingCompany>
        <renewalFlag>true</renewalFlag>
        <dataSource>PAS</dataSource>
        <insureds>
          <namedInsuredSummary>
            <name>
              <firstName>LEE</firstName>
              <lastName>CANTON</lastName>
              <fullName>LEE CANTON</fullName>
            </name>
            <preferredPostalAddress>
              <cityName>MESA</cityName>
              <zipCode>85213</zipCode>
              <streetAddressLine>E BROWN RD</streetAddressLine>
              <isoRegionCode>AZ</isoRegionCode>
            </preferredPostalAddress>
          </namedInsuredSummary>
        </insureds>
        <additionalInterests>
          <additionalInterest>
            <billTo>N</billTo>
          </additionalInterest>
        </additionalInterests>
      </policy>
      <billingSummary>
        <remainingInstallments>0</remainingInstallments>
        <currentBalance>284.00</currentBalance>
        <payOffAmount>284.00</payOffAmount>
        <bill>
          <installmentNumber>1</installmentNumber>
          <statementDate>2018-03-27</statementDate>
          <dueDate>2018-04-04</dueDate>
          <previousBalance>0.00</previousBalance>
          <installmentAmount>142.00</installmentAmount>
          <totalBillAmountDue>142.00</totalBillAmountDue>
          <paymentPlan>DIRECT</paymentPlan>
          <billingPlan>ANN</billingPlan>
        </bill>
        <lastPayment>
          <status>active</status>
        </lastPayment>
        <setupAutoPayReasonCode>ELIG_EFF_IMM</setupAutoPayReasonCode>
        <setupAutoPayEffectiveDate>2017-07-04T05:26:09.087Z</setupAutoPayEffectiveDate>
        <updateAutoPayReasonCode>NOT_ELIGIBLE</updateAutoPayReasonCode>
        <cancelAutoPayReasonCode>NOT_ELIGIBLE</cancelAutoPayReasonCode>
      </billingSummary>
    </policyBillingSummary>
  </billingSummaries>
</retrievePolicyBillingSummariesResponse>
10:27:03 PM: Source:OrderClasses.WebService.Order.ProcessOrder, Message:Payment Central flow starts
10:27:27 PM: Source:OrderClasses.OrderInfo.Process, Message:Payment request to Payment Central - IDP Request : 
<?xml version="1.0" encoding="utf-16"?>
<IssueDirectPaymentRequest1 xmlns:xsd="http://www.w3.org/2001/XMLSchema" xmlns:xsi="http://www.w3.org/2001/XMLSchema-instance">
  <issueDirectPaymentRequest>
    <applicationContext>
      <application xmlns="http://www.aaancnuit.com.AAANCNU_Common_version2">PMTTOOL</application>
    </applicationContext>
    <externalReferenceNumber>APDS8202252</externalReferenceNumber>
    <agentIdentifier>1235689449</agentIdentifier>
    <agency>0</agency>
    <userId>xgs35gur</userId>
    <districtOffice>500</districtOffice>
    <authenticationChannel>F2F</authenticationChannel>
    <totalAmount>1</totalAmount>
    <lineItems>
      <lineItem xmlns="http://www.aaancnuit.com.AAANCNU_IssueDirectPayment_version2">
        <amount>1</amount>
        <amountFor>INST</amountFor>
        <policyInfo>
          <policyNumber>AZH4900032384</policyNumber>
          <riskState>AZ</riskState>
          <dataSource>PAS</dataSource>
          <writingCompany>1KICO</writingCompany>
          <type>HO</type>
        </policyInfo>
      </lineItem>
    </lineItems>
    <paymentItems>
      <paymentItem xmlns="http://www.aaancnuit.com.AAANCNU_IssueDirectPayment_version2">
        <paymentMethod>CHCK</paymentMethod>
        <amount>1</amount>
        <checkNumber>123654</checkNumber>
      </paymentItem>
    </paymentItems>
    <emailTo />
  </issueDirectPaymentRequest>
</IssueDirectPaymentRequest1>
10:27:27 PM: Source:OrderClassesII.IssueDirectPaymentWrapper.HandleFaultException, Message:Payment response from Payment Central - Payment token Response : 
<?xml version="1.0" encoding="utf-16"?>
<MaintainPaymentAccountResponse xmlns:xsd="http://www.w3.org/2001/XMLSchema" xmlns:xsi="http://www.w3.org/2001/XMLSchema-instance" />
10:27:27 PM: Source:OrderClassesII.IssueDirectPaymentWrapper.HandleFaultException, Message:Payment Response from Payment Central - IDP Response : 
<?xml version="1.0" encoding="utf-16"?>
<IssueDirectPaymentResponse1 xmlns:xsd="http://www.w3.org/2001/XMLSchema" xmlns:xsi="http://www.w3.org/2001/XMLSchema-instance" />
10:27:27 PM: Source:OrderClassesII.IssueDirectPaymentWrapper.ProcessInsurance, Message:User: xgs35gur SOAB301 Not a valid agent ID
10:27:27 PM: Source:OrderClasses.WebService.Order.ProcessOrder, Message:Payment Central flow ends
10:46:51 PM: Source:CSAAWeb.WebControls.Renderer.Render, Message:Menu retrieved for the User: xgs35gur Details: [[18,'','Insurance',,2,,1,0],[2,'','Admin',,3,,1,0],[30,'','Sales Turn-In',,10,,1,0],[46,'','Tools',,13,'fin',1,0],[12,,'User Administration','/PaymentToolmsc/admin/users.aspx',1,'adm',1,2],[44,,'Branch Administration','/PaymentToolmsc/admin/DOs.aspx',2,'adm',1,2],[48,'.','Manage Recurring','/PaymentToolmsc/forms/ManageEnrollment.aspx',1,'dsr,iss,fie,pss',1,18],[19,'.','Down Payment','/PaymentToolmsc/forms/newinsurance.aspx',2,'dsr,fie,pss',1,18],[54,'.','Installment Payment','/PaymentToolmsc/forms/newinsurance.aspx',3,'dsr,iss,fie,pss',1,18],[28,'.','Reports','/PaymentToolmscr/Reports/ins_reports.aspx',4,'man,fin,pss',1,18],[29,'.','My Reports','/PaymentToolmscr/Reports/ins_usr_reports.aspx',5,'dsr,iss,fie',1,18],[56,'','ACH Enrollment Pilot','/PaymentToolmsc/forms/ACHEnrollmentPilot.aspx',6,'iss',1,18],[57,'','View Scheduled Payments','/PaymentToolmsc/forms/ScheduledPayments.aspx',7,'dsr,fie,man,iss,pss,cas',1,18],[31,,'My Turn-In','/PaymentToolmscr/reports/salesturnIn_report.aspx',1,'fie',1,30],[32,,'Cashier\'s Reconciliation','/PaymentToolmscr/reports/CashierReconciliation_Report.aspx',2,'cas',1,30],[33,,'Reports','/PaymentToolmscr/Reports/TurnIn_General_Report.aspx',3,'man,cas,fin',1,30],[43,,'Manual Update','/PaymentToolmscr/reports/Manual_Update_Search.aspx',2,'fin',1,46]]
10:48:30 PM: Source:InsuranceClasses.WebService.Insurance.CheckPolicy, Message:Payment request to Payment Central - Billing Summary Request : 
<?xml version="1.0" encoding="utf-16"?>
<retrievePolicyBillingSummariesRequest xmlns:xsd="http://www.w3.org/2001/XMLSchema" xmlns:xsi="http://www.w3.org/2001/XMLSchema-instance">
  <applicationContext>
    <transactionType xmlns="http://www.aaancnuit.com.AAANCNU_Common_version2">INCL_ALL_ELIG</transactionType>
    <application xmlns="http://www.aaancnuit.com.AAANCNU_Common_version2">PMTTOOL</application>
    <address xmlns="http://www.aaancnuit.com.AAANCNU_Common_version2">172.24.24.59</address>
  </applicationContext>
  <policies>
    <policyNumber xmlns="http://www.aaancnuit.com.AAANCNU_RetrievePolicyBillingSummaries_version2">AZH4900032384</policyNumber>
    <dataSource xmlns="http://www.aaancnuit.com.AAANCNU_RetrievePolicyBillingSummaries_version2" />
    <type xmlns="http://www.aaancnuit.com.AAANCNU_RetrievePolicyBillingSummaries_version2">HO</type>
  </policies>
</retrievePolicyBillingSummariesRequest>
10:48:30 PM: Source:InsuranceClasses.WebService.Insurance.CheckPolicy, Message:Payment response from Payment Central - Billing Summary Request : 
<?xml version="1.0" encoding="utf-16"?>
<retrievePolicyBillingSummariesResponse xmlns:xsd="http://www.w3.org/2001/XMLSchema" xmlns:xsi="http://www.w3.org/2001/XMLSchema-instance">
  <billingSummaries>
    <policyBillingSummary xmlns="http://www.aaancnuit.com.AAANCNU_RetrievePolicyBillingSummaries_version2">
      <policy>
        <lineOfBusiness>PC</lineOfBusiness>
        <policyNumber>AZH4900032384</policyNumber>
        <riskState>AZ</riskState>
        <type>HO</type>
        <termEffectiveDate>2018-04-04</termEffectiveDate>
        <termExpirationDate>2019-04-04</termExpirationDate>
        <status>A</status>
        <statusDescription>Active</statusDescription>
        <writingCompany>1KICO</writingCompany>
        <renewalFlag>true</renewalFlag>
        <dataSource>PAS</dataSource>
        <insureds>
          <namedInsuredSummary>
            <name>
              <firstName>LEE</firstName>
              <lastName>CANTON</lastName>
              <fullName>LEE CANTON</fullName>
            </name>
            <preferredPostalAddress>
              <cityName>MESA</cityName>
              <zipCode>85213</zipCode>
              <streetAddressLine>E BROWN RD</streetAddressLine>
              <isoRegionCode>AZ</isoRegionCode>
            </preferredPostalAddress>
          </namedInsuredSummary>
        </insureds>
        <additionalInterests>
          <additionalInterest>
            <billTo>N</billTo>
          </additionalInterest>
        </additionalInterests>
      </policy>
      <billingSummary>
        <remainingInstallments>0</remainingInstallments>
        <currentBalance>284.00</currentBalance>
        <payOffAmount>284.00</payOffAmount>
        <bill>
          <installmentNumber>1</installmentNumber>
          <statementDate>2018-03-27</statementDate>
          <dueDate>2018-04-04</dueDate>
          <previousBalance>0.00</previousBalance>
          <installmentAmount>142.00</installmentAmount>
          <totalBillAmountDue>142.00</totalBillAmountDue>
          <paymentPlan>DIRECT</paymentPlan>
          <billingPlan>ANN</billingPlan>
        </bill>
        <lastPayment>
          <status>active</status>
        </lastPayment>
        <setupAutoPayReasonCode>ELIG_EFF_IMM</setupAutoPayReasonCode>
        <setupAutoPayEffectiveDate>2017-07-04T05:48:30.856Z</setupAutoPayEffectiveDate>
        <updateAutoPayReasonCode>NOT_ELIGIBLE</updateAutoPayReasonCode>
        <cancelAutoPayReasonCode>NOT_ELIGIBLE</cancelAutoPayReasonCode>
      </billingSummary>
    </policyBillingSummary>
  </billingSummaries>
</retrievePolicyBillingSummariesResponse>
10:50:34 PM: Source:OrderClasses.WebService.Order.ProcessOrder, Message:Payment Central flow starts
10:54:40 PM: Source:OrderClasses.OrderInfo.Process, Message:Payment request to Payment Central - IDP Request : 
<?xml version="1.0" encoding="utf-16"?>
<IssueDirectPaymentRequest1 xmlns:xsd="http://www.w3.org/2001/XMLSchema" xmlns:xsi="http://www.w3.org/2001/XMLSchema-instance">
  <issueDirectPaymentRequest>
    <applicationContext>
      <application xmlns="http://www.aaancnuit.com.AAANCNU_Common_version2">PMTTOOL</application>
    </applicationContext>
    <externalReferenceNumber>APDS8202253</externalReferenceNumber>
    <agentIdentifier>1235689449</agentIdentifier>
    <agency>0</agency>
    <userId>xgs35gur</userId>
    <districtOffice>500</districtOffice>
    <authenticationChannel>F2F</authenticationChannel>
    <totalAmount>284.00</totalAmount>
    <lineItems>
      <lineItem xmlns="http://www.aaancnuit.com.AAANCNU_IssueDirectPayment_version2">
        <amount>284.00</amount>
        <amountFor>INST</amountFor>
        <policyInfo>
          <policyNumber>AZH4900032384</policyNumber>
          <riskState>AZ</riskState>
          <dataSource>PAS</dataSource>
          <writingCompany>1KICO</writingCompany>
          <type>HO</type>
        </policyInfo>
      </lineItem>
    </lineItems>
    <paymentItems>
      <paymentItem xmlns="http://www.aaancnuit.com.AAANCNU_IssueDirectPayment_version2">
        <paymentMethod>CHCK</paymentMethod>
        <amount>284.00</amount>
        <checkNumber>123654</checkNumber>
      </paymentItem>
    </paymentItems>
    <emailTo />
  </issueDirectPaymentRequest>
</IssueDirectPaymentRequest1>
10:54:40 PM: Source:OrderClassesII.IssueDirectPaymentWrapper.HandleFaultException, Message:Payment response from Payment Central - Payment token Response : 
<?xml version="1.0" encoding="utf-16"?>
<MaintainPaymentAccountResponse xmlns:xsd="http://www.w3.org/2001/XMLSchema" xmlns:xsi="http://www.w3.org/2001/XMLSchema-instance" />
10:54:40 PM: Source:OrderClassesII.IssueDirectPaymentWrapper.HandleFaultException, Message:Payment Response from Payment Central - IDP Response : 
<?xml version="1.0" encoding="utf-16"?>
<IssueDirectPaymentResponse1 xmlns:xsd="http://www.w3.org/2001/XMLSchema" xmlns:xsi="http://www.w3.org/2001/XMLSchema-instance" />
10:54:40 PM: Source:OrderClassesII.IssueDirectPaymentWrapper.ProcessInsurance, Message:User: xgs35gur SOAB301 Not a valid agent ID
10:54:40 PM: Source:OrderClasses.WebService.Order.ProcessOrder, Message:Payment Central flow ends
