3:34:36 AM: Source:header_aspx.ProcessRequest, Message:Menu retrieved for the User: xgs35gur Details: [[18,'','Insurance',,2,,1,0],[2,'','Admin',,3,,1,0],[30,'','Sales Turn-In',,10,,1,0],[46,'','Tools',,13,'fin',1,0],[12,,'User Administration','/PaymentToolmsc/admin/users.aspx',1,'adm',1,2],[44,,'Branch Administration','/PaymentToolmsc/admin/DOs.aspx',2,'adm',1,2],[48,'.','Manage Recurring','/PaymentToolmsc/forms/ManageEnrollment.aspx',1,'dsr,iss,fie,pss',1,18],[19,'.','Down Payment','/PaymentToolmsc/forms/newinsurance.aspx',2,'dsr,fie,pss',1,18],[54,'.','Installment Payment','/PaymentToolmsc/forms/newinsurance.aspx',3,'dsr,iss,fie,pss',1,18],[28,'.','Reports','/PaymentToolmscr/Reports/ins_reports.aspx',4,'man,fin,pss',1,18],[29,'.','My Reports','/PaymentToolmscr/Reports/ins_usr_reports.aspx',5,'dsr,iss,fie',1,18],[56,'','ACH Enrollment Pilot','/PaymentToolmsc/forms/ACHEnrollmentPilot.aspx',6,'iss',1,18],[57,'','View Scheduled Payments','/PaymentToolmsc/forms/ScheduledPayments.aspx',7,'dsr,fie,man,iss,pss,cas',1,18],[31,,'My Turn-In','/PaymentToolmscr/reports/salesturnIn_report.aspx',1,'fie',1,30],[32,,'Cashier\'s Reconciliation','/PaymentToolmscr/reports/CashierReconciliation_Report.aspx',2,'cas',1,30],[33,,'Reports','/PaymentToolmscr/Reports/TurnIn_General_Report.aspx',3,'man,cas,fin',1,30],[43,,'Manual Update','/PaymentToolmscr/reports/Manual_Update_Search.aspx',2,'fin',1,46]]
3:35:01 AM: Source:InsuranceClasses.WebService.Insurance.CheckPolicy, Message:Payment request to Payment Central - Billing Summary Request : 
<?xml version="1.0" encoding="utf-16"?>
<retrievePolicyBillingSummariesRequest xmlns:xsd="http://www.w3.org/2001/XMLSchema" xmlns:xsi="http://www.w3.org/2001/XMLSchema-instance">
  <applicationContext>
    <transactionType xmlns="http://www.aaancnuit.com.AAANCNU_Common_version2">INCL_ALL_ELIG</transactionType>
    <application xmlns="http://www.aaancnuit.com.AAANCNU_Common_version2">PMTTOOL</application>
    <address xmlns="http://www.aaancnuit.com.AAANCNU_Common_version2">172.24.24.59</address>
  </applicationContext>
  <policies>
    <policyNumber xmlns="http://www.aaancnuit.com.AAANCNU_RetrievePolicyBillingSummaries_version2">KSSS900026991</policyNumber>
    <dataSource xmlns="http://www.aaancnuit.com.AAANCNU_RetrievePolicyBillingSummaries_version2" />
    <type xmlns="http://www.aaancnuit.com.AAANCNU_RetrievePolicyBillingSummaries_version2">HO</type>
  </policies>
</retrievePolicyBillingSummariesRequest>
3:35:02 AM: Source:InsuranceClasses.WebService.Insurance.CheckPolicy, Message:Payment response from Payment Central - Billing Summary Request : 
<?xml version="1.0" encoding="utf-16"?>
<retrievePolicyBillingSummariesResponse xmlns:xsd="http://www.w3.org/2001/XMLSchema" xmlns:xsi="http://www.w3.org/2001/XMLSchema-instance">
  <billingSummaries>
    <policyBillingSummary xmlns="http://www.aaancnuit.com.AAANCNU_RetrievePolicyBillingSummaries_version2">
      <policy>
        <lineOfBusiness>PC</lineOfBusiness>
        <policyNumber>KSSS900026991</policyNumber>
        <riskState>KS</riskState>
        <type>PA</type>
        <termEffectiveDate>2014-04-21</termEffectiveDate>
        <termExpirationDate>2015-04-21</termExpirationDate>
        <status>A</status>
        <statusDescription>Active</statusDescription>
        <writingCompany>1MWIC</writingCompany>
        <renewalFlag>false</renewalFlag>
        <dataSource>PAS</dataSource>
        <insureds>
          <namedInsuredSummary>
            <name>
              <firstName>ALEX</firstName>
              <lastName>STEWART</lastName>
              <fullName>ALEX STEWART</fullName>
            </name>
            <preferredPostalAddress>
              <cityName>Baxter Springs</cityName>
              <zipCode>66713-2804</zipCode>
              <streetAddressLine>125 E 22nd St</streetAddressLine>
              <isoRegionCode>KS</isoRegionCode>
            </preferredPostalAddress>
          </namedInsuredSummary>
        </insureds>
      </policy>
      <billingSummary>
        <remainingInstallments>1</remainingInstallments>
        <currentBalance>0.00</currentBalance>
        <payOffAmount>-5.00</payOffAmount>
        <bill>
          <installmentNumber>0</installmentNumber>
          <dueDate>2014-04-21</dueDate>
          <previousBalance>0.00</previousBalance>
          <paymentPlan>DIRECT</paymentPlan>
          <billingPlan>SAN</billingPlan>
        </bill>
        <lastPayment>
          <paymentDateTime>2017-08-14T07:00:00Z</paymentDateTime>
          <amount>1.00</amount>
          <status>active</status>
        </lastPayment>
        <setupAutoPayReasonCode>ELIG_EFF_IMM</setupAutoPayReasonCode>
        <setupAutoPayEffectiveDate>2017-08-17T10:35:02.119Z</setupAutoPayEffectiveDate>
        <updateAutoPayReasonCode>NOT_ELIGIBLE</updateAutoPayReasonCode>
        <cancelAutoPayReasonCode>NOT_ELIGIBLE</cancelAutoPayReasonCode>
      </billingSummary>
    </policyBillingSummary>
  </billingSummaries>
</retrievePolicyBillingSummariesResponse>
3:38:07 AM: Source:OrderClasses.WebService.Order.ProcessOrder, Message:Payment Central flow starts
3:38:40 AM: Source:OrderClassesII.IssueDirectPaymentWrapper.ProcessInsurance, Message:Payment request to Payment Central - Payment token Request : 
<?xml version="1.0" encoding="utf-16"?>
<MaintainPaymentAccountRequest xmlns:xsd="http://www.w3.org/2001/XMLSchema" xmlns:xsi="http://www.w3.org/2001/XMLSchema-instance">
  <MaintainPaymentAccountRequest1>
    <paymentSourceSystem>PMTTOOL</paymentSourceSystem>
    <userId>xgs35gur</userId>
    <paymentAcctFopType>CRDC</paymentAcctFopType>
    <paymentAccountToken />
    <paymentCardNumber>5454545454545454</paymentCardNumber>
    <paymentCardHolderName>ALEX STEWART</paymentCardHolderName>
    <paymentCardExpirationDate>2025-09-01T00:00:00</paymentCardExpirationDate>
    <paymentCardCity />
    <paymentCardState>CA</paymentCardState>
    <paymentCardZip>12345</paymentCardZip>
    <saveForFuture>false</saveForFuture>
  </MaintainPaymentAccountRequest1>
</MaintainPaymentAccountRequest>
3:38:44 AM: Source:OrderClassesII.IssueDirectPaymentWrapper.ProcessInsurance, Message:Payment response from Payment Central - Payment token Response : 
<?xml version="1.0" encoding="utf-16"?>
<MaintainPaymentAccountResponse xmlns:xsd="http://www.w3.org/2001/XMLSchema" xmlns:xsi="http://www.w3.org/2001/XMLSchema-instance">
  <MaintainPaymentAccountResponse1>
    <paymentSourceSystem>PMTTOOL</paymentSourceSystem>
    <userId>xgs35gur</userId>
    <paymentAccountToken>50F43E68-7CB6-223B-78B7-19AD58753329</paymentAccountToken>
    <paymentAcctFopType>CRDC</paymentAcctFopType>
    <paymentCardLast4>5454</paymentCardLast4>
    <paymentCardSubType>Debit</paymentCardSubType>
    <paymentCardHolderName>ALEX STEWART</paymentCardHolderName>
    <paymentCardExpirationDate>2025-09-01T00:00:00-07:00</paymentCardExpirationDate>
    <paymentCardAddrLine1>3936 Harrmeadow Ln</paymentCardAddrLine1>
    <paymentCardCity> </paymentCardCity>
    <paymentCardState>CA</paymentCardState>
    <paymentCardZip>12345</paymentCardZip>
  </MaintainPaymentAccountResponse1>
</MaintainPaymentAccountResponse>
3:39:06 AM: Source:OrderClasses.WebService.Order.ProcessOrder, Message:Payment Central flow ends
3:40:52 AM: Source:OrderClasses.WebService.Order.ProcessOrder, Message:Payment Central flow starts
3:46:49 AM: Source:OrderClasses.OrderInfo.Process, Message:Payment request to Payment Central - IDP Request : 
<?xml version="1.0" encoding="utf-16"?>
<IssueDirectPaymentRequest1 xmlns:xsd="http://www.w3.org/2001/XMLSchema" xmlns:xsi="http://www.w3.org/2001/XMLSchema-instance">
  <issueDirectPaymentRequest>
    <applicationContext>
      <application xmlns="http://www.aaancnuit.com.AAANCNU_Common_version2">PMTTOOL</application>
    </applicationContext>
    <externalReferenceNumber>APDS8202468</externalReferenceNumber>
    <agentIdentifier>1235689449</agentIdentifier>
    <agency>0</agency>
    <userId>xgs35gur</userId>
    <districtOffice>34</districtOffice>
    <authenticationChannel>F2F</authenticationChannel>
    <totalAmount>1</totalAmount>
    <lineItems>
      <lineItem xmlns="http://www.aaancnuit.com.AAANCNU_IssueDirectPayment_version2">
        <amount>1</amount>
        <amountFor>INST</amountFor>
        <policyInfo>
          <policyNumber>KSSS900026991</policyNumber>
          <riskState>KS</riskState>
          <dataSource>PAS</dataSource>
          <writingCompany>1MWIC</writingCompany>
          <type>PA</type>
        </policyInfo>
      </lineItem>
    </lineItems>
    <paymentItems>
      <paymentItem xmlns="http://www.aaancnuit.com.AAANCNU_IssueDirectPayment_version2">
        <paymentMethod>CRDC</paymentMethod>
        <amount>1</amount>
        <paymentAccountToken>50F43E68-7CB6-223B-78B7-19AD58753329</paymentAccountToken>
        <card>
          <expirationDate>2025-09-01</expirationDate>
          <zipCode>12345</zipCode>
          <isCardPresent>true</isCardPresent>
        </card>
      </paymentItem>
    </paymentItems>
    <emailTo />
  </issueDirectPaymentRequest>
</IssueDirectPaymentRequest1>
3:46:50 AM: Source:OrderClasses.OrderInfo.Process, Message:Payment Response from Payment Central - IDP Response : 
<?xml version="1.0" encoding="utf-16"?>
<IssueDirectPaymentResponse1 xmlns:xsd="http://www.w3.org/2001/XMLSchema" xmlns:xsi="http://www.w3.org/2001/XMLSchema-instance">
  <issueDirectPaymentResponse>
    <applicationContext>
      <application xmlns="http://www.aaancnuit.com.AAANCNU_Common_version2">PMTTOOL</application>
      <correlationId xmlns="http://www.aaancnuit.com.AAANCNU_Common_version2">42AEC36D-CFCF-547F-2C8E-BA8A59103CBD</correlationId>
    </applicationContext>
    <externalReferenceNumber>APDS8202468</externalReferenceNumber>
    <receiptNumber>55818239</receiptNumber>
    <statusDescription>SUCC</statusDescription>
    <paymentDateTime>2017-08-17T10:46:49.872Z</paymentDateTime>
    <paymentItems>
      <paymentItem xmlns="http://www.aaancnuit.com.AAANCNU_IssueDirectPayment_version2">
        <paymentMethod>CRDC</paymentMethod>
        <amount>1</amount>
        <paymentAccountToken>50F43E68-7CB6-223B-78B7-19AD58753329</paymentAccountToken>
        <card>
          <expirationDate>2025-09-01</expirationDate>
          <zipCode>12345</zipCode>
          <isCardPresent>true</isCardPresent>
          <paymentAuthorization>
            <returnCode>tst491</returnCode>
            <authorizationCode>A</authorizationCode>
            <actualMessage>100-APPROVED    </actualMessage>
          </paymentAuthorization>
        </card>
      </paymentItem>
    </paymentItems>
  </issueDirectPaymentResponse>
</IssueDirectPaymentResponse1>
3:46:50 AM: Source:OrderClasses.WebService.Order.ProcessOrder, Message:Payment Central flow ends
4:09:00 AM: Source:header_aspx.ProcessRequest, Message:Menu retrieved for the User: xgs35gur Details: [[18,'','Insurance',,2,,1,0],[2,'','Admin',,3,,1,0],[30,'','Sales Turn-In',,10,,1,0],[46,'','Tools',,13,'fin',1,0],[12,,'User Administration','/PaymentToolmsc/admin/users.aspx',1,'adm',1,2],[44,,'Branch Administration','/PaymentToolmsc/admin/DOs.aspx',2,'adm',1,2],[48,'.','Manage Recurring','/PaymentToolmsc/forms/ManageEnrollment.aspx',1,'dsr,iss,fie,pss',1,18],[19,'.','Down Payment','/PaymentToolmsc/forms/newinsurance.aspx',2,'dsr,fie,pss',1,18],[54,'.','Installment Payment','/PaymentToolmsc/forms/newinsurance.aspx',3,'dsr,iss,fie,pss',1,18],[28,'.','Reports','/PaymentToolmscr/Reports/ins_reports.aspx',4,'man,fin,pss',1,18],[29,'.','My Reports','/PaymentToolmscr/Reports/ins_usr_reports.aspx',5,'dsr,iss,fie',1,18],[56,'','ACH Enrollment Pilot','/PaymentToolmsc/forms/ACHEnrollmentPilot.aspx',6,'iss',1,18],[57,'','View Scheduled Payments','/PaymentToolmsc/forms/ScheduledPayments.aspx',7,'dsr,fie,man,iss,pss,cas',1,18],[31,,'My Turn-In','/PaymentToolmscr/reports/salesturnIn_report.aspx',1,'fie',1,30],[32,,'Cashier\'s Reconciliation','/PaymentToolmscr/reports/CashierReconciliation_Report.aspx',2,'cas',1,30],[33,,'Reports','/PaymentToolmscr/Reports/TurnIn_General_Report.aspx',3,'man,cas,fin',1,30],[43,,'Manual Update','/PaymentToolmscr/reports/Manual_Update_Search.aspx',2,'fin',1,46]]
4:09:24 AM: Source:InsuranceClasses.WebService.Insurance.CheckPolicy, Message:Payment request to Payment Central - Billing Summary Request : 
<?xml version="1.0" encoding="utf-16"?>
<retrievePolicyBillingSummariesRequest xmlns:xsd="http://www.w3.org/2001/XMLSchema" xmlns:xsi="http://www.w3.org/2001/XMLSchema-instance">
  <applicationContext>
    <transactionType xmlns="http://www.aaancnuit.com.AAANCNU_Common_version2">INCL_ALL_ELIG</transactionType>
    <application xmlns="http://www.aaancnuit.com.AAANCNU_Common_version2">PMTTOOL</application>
    <address xmlns="http://www.aaancnuit.com.AAANCNU_Common_version2">172.24.24.59</address>
  </applicationContext>
  <policies>
    <policyNumber xmlns="http://www.aaancnuit.com.AAANCNU_RetrievePolicyBillingSummaries_version2">KSSS900026991</policyNumber>
    <dataSource xmlns="http://www.aaancnuit.com.AAANCNU_RetrievePolicyBillingSummaries_version2" />
    <type xmlns="http://www.aaancnuit.com.AAANCNU_RetrievePolicyBillingSummaries_version2">HO</type>
  </policies>
</retrievePolicyBillingSummariesRequest>
4:09:24 AM: Source:InsuranceClasses.WebService.Insurance.CheckPolicy, Message:Payment response from Payment Central - Billing Summary Request : 
<?xml version="1.0" encoding="utf-16"?>
<retrievePolicyBillingSummariesResponse xmlns:xsd="http://www.w3.org/2001/XMLSchema" xmlns:xsi="http://www.w3.org/2001/XMLSchema-instance">
  <billingSummaries>
    <policyBillingSummary xmlns="http://www.aaancnuit.com.AAANCNU_RetrievePolicyBillingSummaries_version2">
      <policy>
        <lineOfBusiness>PC</lineOfBusiness>
        <policyNumber>KSSS900026991</policyNumber>
        <riskState>KS</riskState>
        <type>PA</type>
        <termEffectiveDate>2014-04-21</termEffectiveDate>
        <termExpirationDate>2015-04-21</termExpirationDate>
        <status>A</status>
        <statusDescription>Active</statusDescription>
        <writingCompany>1MWIC</writingCompany>
        <renewalFlag>false</renewalFlag>
        <dataSource>PAS</dataSource>
        <insureds>
          <namedInsuredSummary>
            <name>
              <firstName>ALEX</firstName>
              <lastName>STEWART</lastName>
              <fullName>ALEX STEWART</fullName>
            </name>
            <preferredPostalAddress>
              <cityName>Baxter Springs</cityName>
              <zipCode>66713-2804</zipCode>
              <streetAddressLine>125 E 22nd St</streetAddressLine>
              <isoRegionCode>KS</isoRegionCode>
            </preferredPostalAddress>
          </namedInsuredSummary>
        </insureds>
      </policy>
      <billingSummary>
        <remainingInstallments>1</remainingInstallments>
        <currentBalance>0.00</currentBalance>
        <payOffAmount>-6.00</payOffAmount>
        <bill>
          <installmentNumber>0</installmentNumber>
          <dueDate>2014-04-21</dueDate>
          <previousBalance>0.00</previousBalance>
          <paymentPlan>DIRECT</paymentPlan>
          <billingPlan>SAN</billingPlan>
        </bill>
        <lastPayment>
          <paymentDateTime>2017-08-17T07:00:00Z</paymentDateTime>
          <amount>1.00</amount>
          <status>active</status>
        </lastPayment>
        <setupAutoPayReasonCode>ELIG_EFF_IMM</setupAutoPayReasonCode>
        <setupAutoPayEffectiveDate>2017-08-17T11:09:24.778Z</setupAutoPayEffectiveDate>
        <updateAutoPayReasonCode>NOT_ELIGIBLE</updateAutoPayReasonCode>
        <cancelAutoPayReasonCode>NOT_ELIGIBLE</cancelAutoPayReasonCode>
      </billingSummary>
    </policyBillingSummary>
  </billingSummaries>
</retrievePolicyBillingSummariesResponse>
4:10:19 AM: Source:OrderClasses.WebService.Order.ProcessOrder, Message:Payment Central flow starts
4:10:22 AM: Source:OrderClassesII.IssueDirectPaymentWrapper.ProcessInsurance, Message:Payment request to Payment Central - Payment token Request : 
<?xml version="1.0" encoding="utf-16"?>
<MaintainPaymentAccountRequest xmlns:xsd="http://www.w3.org/2001/XMLSchema" xmlns:xsi="http://www.w3.org/2001/XMLSchema-instance">
  <MaintainPaymentAccountRequest1>
    <paymentSourceSystem>PMTTOOL</paymentSourceSystem>
    <userId>xgs35gur</userId>
    <paymentAcctFopType>CRDC</paymentAcctFopType>
    <paymentAccountToken />
    <paymentCardNumber>5454545454545454</paymentCardNumber>
    <paymentCardHolderName>ALEX STEWART</paymentCardHolderName>
    <paymentCardExpirationDate>2022-06-01T00:00:00</paymentCardExpirationDate>
    <paymentCardCity />
    <paymentCardState>CA</paymentCardState>
    <paymentCardZip>11111</paymentCardZip>
    <saveForFuture>false</saveForFuture>
  </MaintainPaymentAccountRequest1>
</MaintainPaymentAccountRequest>
4:10:27 AM: Source:OrderClassesII.IssueDirectPaymentWrapper.ProcessInsurance, Message:Payment response from Payment Central - Payment token Response : 
<?xml version="1.0" encoding="utf-16"?>
<MaintainPaymentAccountResponse xmlns:xsd="http://www.w3.org/2001/XMLSchema" xmlns:xsi="http://www.w3.org/2001/XMLSchema-instance">
  <MaintainPaymentAccountResponse1>
    <paymentSourceSystem>PMTTOOL</paymentSourceSystem>
    <userId>xgs35gur</userId>
    <paymentAccountToken>50F43E68-7CB6-223B-78B7-19AD58753329</paymentAccountToken>
    <paymentAcctFopType>CRDC</paymentAcctFopType>
    <paymentCardLast4>5454</paymentCardLast4>
    <paymentCardSubType>Debit</paymentCardSubType>
    <paymentCardHolderName>ALEX STEWART</paymentCardHolderName>
    <paymentCardExpirationDate>2022-06-01T00:00:00-07:00</paymentCardExpirationDate>
    <paymentCardAddrLine1>3936 Harrmeadow Ln</paymentCardAddrLine1>
    <paymentCardCity> </paymentCardCity>
    <paymentCardState>CA</paymentCardState>
    <paymentCardZip>11111</paymentCardZip>
  </MaintainPaymentAccountResponse1>
</MaintainPaymentAccountResponse>
4:11:08 AM: Source:OrderClasses.WebService.Order.ProcessOrder, Message:Payment Central flow ends
4:14:42 AM: Source:OrderClasses.WebService.Order.ProcessOrder, Message:Payment Central flow starts
4:14:42 AM: Source:OrderClasses.OrderInfo.Process, Message:Payment request to Payment Central - IDP Request : 
<?xml version="1.0" encoding="utf-16"?>
<IssueDirectPaymentRequest1 xmlns:xsd="http://www.w3.org/2001/XMLSchema" xmlns:xsi="http://www.w3.org/2001/XMLSchema-instance">
  <issueDirectPaymentRequest>
    <applicationContext>
      <application xmlns="http://www.aaancnuit.com.AAANCNU_Common_version2">PMTTOOL</application>
    </applicationContext>
    <externalReferenceNumber>APDS8202473</externalReferenceNumber>
    <agentIdentifier>1235689449</agentIdentifier>
    <agency>0</agency>
    <userId>xgs35gur</userId>
    <districtOffice>34</districtOffice>
    <authenticationChannel>F2F</authenticationChannel>
    <totalAmount>1</totalAmount>
    <lineItems>
      <lineItem xmlns="http://www.aaancnuit.com.AAANCNU_IssueDirectPayment_version2">
        <amount>1</amount>
        <amountFor>INST</amountFor>
        <policyInfo>
          <policyNumber>KSSS900026991</policyNumber>
          <riskState>KS</riskState>
          <dataSource>PAS</dataSource>
          <writingCompany>1MWIC</writingCompany>
          <type>PA</type>
        </policyInfo>
      </lineItem>
    </lineItems>
    <paymentItems>
      <paymentItem xmlns="http://www.aaancnuit.com.AAANCNU_IssueDirectPayment_version2">
        <paymentMethod>CRDC</paymentMethod>
        <amount>1</amount>
        <paymentAccountToken>50F43E68-7CB6-223B-78B7-19AD58753329</paymentAccountToken>
        <card>
          <expirationDate>2022-06-01</expirationDate>
          <zipCode>11111</zipCode>
          <isCardPresent>true</isCardPresent>
        </card>
      </paymentItem>
    </paymentItems>
    <emailTo />
  </issueDirectPaymentRequest>
</IssueDirectPaymentRequest1>
4:14:44 AM: Source:OrderClasses.OrderInfo.Process, Message:Payment Response from Payment Central - IDP Response : 
<?xml version="1.0" encoding="utf-16"?>
<IssueDirectPaymentResponse1 xmlns:xsd="http://www.w3.org/2001/XMLSchema" xmlns:xsi="http://www.w3.org/2001/XMLSchema-instance">
  <issueDirectPaymentResponse>
    <applicationContext>
      <application xmlns="http://www.aaancnuit.com.AAANCNU_Common_version2">PMTTOOL</application>
      <correlationId xmlns="http://www.aaancnuit.com.AAANCNU_Common_version2">4F38C5D3-A4AB-FBB7-DA97-5D91602BF820</correlationId>
    </applicationContext>
    <externalReferenceNumber>APDS8202473</externalReferenceNumber>
    <receiptNumber>55818240</receiptNumber>
    <statusDescription>SUCC</statusDescription>
    <paymentDateTime>2017-08-17T11:14:43.263Z</paymentDateTime>
    <paymentItems>
      <paymentItem xmlns="http://www.aaancnuit.com.AAANCNU_IssueDirectPayment_version2">
        <paymentMethod>CRDC</paymentMethod>
        <amount>1</amount>
        <paymentAccountToken>50F43E68-7CB6-223B-78B7-19AD58753329</paymentAccountToken>
        <card>
          <expirationDate>2022-06-01</expirationDate>
          <zipCode>11111</zipCode>
          <isCardPresent>true</isCardPresent>
          <paymentAuthorization>
            <returnCode>tst592</returnCode>
            <authorizationCode>A</authorizationCode>
            <actualMessage>100-APPROVED    </actualMessage>
          </paymentAuthorization>
        </card>
      </paymentItem>
    </paymentItems>
  </issueDirectPaymentResponse>
</IssueDirectPaymentResponse1>
4:14:44 AM: Source:OrderClasses.WebService.Order.ProcessOrder, Message:Payment Central flow ends
