3:30:24 AM: OrderClasses.WebService.Order Authenticate(UserId=xgs35gur,Password=****,AppId=APDS) OK
4:07:42 AM: OrderClasses.WebService.Order Authenticate(UserId=gs35gur,Password=****,AppId=APDS) OK
10:00:19 PM: OrderClasses.WebService.Order Authenticate(UserId=xgs35gur,Password=****,AppId=APDS) OK
10:01:36 PM: OrderClasses.WebService.Order CalculateOrderLines(Token=3BBAD9D0-BED0-49CC-9FF1-C42AD84A6FD0,UserId=xgs35gur,AppId=APDS,Order=OrderInfo,ProductName=Insurance) OK
10:01:36 PM: OrderClasses.WebService.Order CalculateOrderLines(Token=3BBAD9D0-BED0-49CC-9FF1-C42AD84A6FD0,UserId=xgs35gur,AppId=APDS,Order=OrderInfo,ProductName=Insurance) OK
10:02:18 PM: OrderClasses.WebService.Order CalculateOrderLines(Token=3BBAD9D0-BED0-49CC-9FF1-C42AD84A6FD0,UserId=xgs35gur,AppId=APDS,Order=OrderInfo,ProductName=Insurance) OK
10:02:19 PM: PaymentService.Service GetCreditCards(includePrompt=True) OK
10:02:19 PM: PaymentService.Service GetBankAccount(includePrompt=True) OK
10:02:19 PM: PaymentService.Service GetPaymentType(ColumnFlag=P,CurrentUser=xgs35gur) OK
10:02:33 PM: PaymentService.Service GetPaymentType(ColumnFlag=P,CurrentUser=xgs35gur) OK
10:03:09 PM: OrderClasses.WebService.Order Authenticate(UserId=xgs35gur,Password=****,AppId=APDS) OK
10:03:23 PM: OrderClasses.WebService.Order CalculateOrderLines(Token=3BBAD9D0-BED0-49CC-9FF1-C42AD84A6FD0,UserId=xgs35gur,AppId=APDS,Order=OrderInfo,ProductName=Insurance) OK
10:03:23 PM: OrderClasses.WebService.Order CalculateOrderLines(Token=3BBAD9D0-BED0-49CC-9FF1-C42AD84A6FD0,UserId=xgs35gur,AppId=APDS,Order=OrderInfo,ProductName=Insurance) OK
10:04:06 PM: OrderClasses.WebService.Order CalculateOrderLines(Token=3BBAD9D0-BED0-49CC-9FF1-C42AD84A6FD0,UserId=xgs35gur,AppId=APDS,Order=OrderInfo,ProductName=Insurance) OK
10:04:06 PM: PaymentService.Service GetPaymentType(ColumnFlag=P,CurrentUser=xgs35gur) OK
10:04:18 PM: PaymentService.Service GetPaymentType(ColumnFlag=P,CurrentUser=xgs35gur) OK
10:05:08 PM: OrderClasses.WebService.Order Authenticate(UserId=xgs35gur,Password=****,AppId=APDS) OK
10:05:13 PM: OrderClasses.WebService.Order CalculateOrderLines(Token=3BBAD9D0-BED0-49CC-9FF1-C42AD84A6FD0,UserId=xgs35gur,AppId=APDS,Order=OrderInfo,ProductName=Insurance) OK
10:05:13 PM: OrderClasses.WebService.Order CalculateOrderLines(Token=3BBAD9D0-BED0-49CC-9FF1-C42AD84A6FD0,UserId=xgs35gur,AppId=APDS,Order=OrderInfo,ProductName=Insurance) OK
10:05:16 PM: OrderClasses.WebService.Order CalculateOrderLines(Token=3BBAD9D0-BED0-49CC-9FF1-C42AD84A6FD0,UserId=xgs35gur,AppId=APDS,Order=OrderInfo,ProductName=Insurance) OK
10:05:16 PM: PaymentService.Service GetPaymentType(ColumnFlag=P,CurrentUser=xgs35gur) OK
10:05:53 PM: PaymentService.Service GetPaymentType(ColumnFlag=P,CurrentUser=xgs35gur) OK
10:06:12 PM: PaymentService.Service GetPaymentType(ColumnFlag=P,CurrentUser=xgs35gur) OK
10:06:54 PM: OrderClasses.WebService.Order ProcessOrder(Token=3BBAD9D0-BED0-49CC-9FF1-C42AD84A6FD0,UserId=xgs35gur,AppId=APDS,Order=OrderInfo) OK
10:07:42 PM: OrderClasses.WebService.Order CalculateOrderLines(Token=3BBAD9D0-BED0-49CC-9FF1-C42AD84A6FD0,UserId=xgs35gur,AppId=APDS,Order=OrderInfo,ProductName=Insurance) OK
10:07:42 PM: OrderClasses.WebService.Order CalculateOrderLines(Token=3BBAD9D0-BED0-49CC-9FF1-C42AD84A6FD0,UserId=xgs35gur,AppId=APDS,Order=OrderInfo,ProductName=Insurance) OK
10:08:02 PM: OrderClasses.WebService.Order CalculateOrderLines(Token=3BBAD9D0-BED0-49CC-9FF1-C42AD84A6FD0,UserId=xgs35gur,AppId=APDS,Order=OrderInfo,ProductName=Insurance) OK
10:08:02 PM: PaymentService.Service GetPaymentType(ColumnFlag=P,CurrentUser=xgs35gur) OK
10:08:32 PM: PaymentService.Service GetPaymentType(ColumnFlag=P,CurrentUser=xgs35gur) OK
10:08:51 PM: PaymentService.Service GetPaymentType(ColumnFlag=P,CurrentUser=xgs35gur) OK
10:08:54 PM: PaymentService.Service GetMerchantReference(AppId=APDS) OK
10:08:54 PM: OrderClasses.WebService.Order GetReference(Token=3BBAD9D0-BED0-49CC-9FF1-C42AD84A6FD0,UserId=xgs35gur,AppId=APDS,out Errors) OK
10:09:13 PM: OrderClasses.WebService.Order ProcessOrder(Token=3BBAD9D0-BED0-49CC-9FF1-C42AD84A6FD0,UserId=xgs35gur,AppId=APDS,Order=OrderInfo) OK
10:09:51 PM: OrderClasses.WebService.Order ProcessOrder(Token=3BBAD9D0-BED0-49CC-9FF1-C42AD84A6FD0,UserId=xgs35gur,AppId=APDS,Order=OrderInfo) OK
10:10:11 PM: OrderClasses.WebService.Order CalculateOrderLines(Token=3BBAD9D0-BED0-49CC-9FF1-C42AD84A6FD0,UserId=xgs35gur,AppId=APDS,Order=OrderInfo,ProductName=Insurance) OK
10:10:11 PM: OrderClasses.WebService.Order CalculateOrderLines(Token=3BBAD9D0-BED0-49CC-9FF1-C42AD84A6FD0,UserId=xgs35gur,AppId=APDS,Order=OrderInfo,ProductName=Insurance) OK
10:11:33 PM: OrderClasses.WebService.Order CalculateOrderLines(Token=3BBAD9D0-BED0-49CC-9FF1-C42AD84A6FD0,UserId=xgs35gur,AppId=APDS,Order=OrderInfo,ProductName=Insurance) OK
10:11:33 PM: PaymentService.Service GetPaymentType(ColumnFlag=P,CurrentUser=xgs35gur) OK
10:11:49 PM: PaymentService.Service GetPaymentType(ColumnFlag=P,CurrentUser=xgs35gur) OK
10:11:58 PM: PaymentService.Service GetPaymentType(ColumnFlag=P,CurrentUser=xgs35gur) OK
10:14:27 PM: OrderClasses.WebService.Order ProcessOrder(Token=3BBAD9D0-BED0-49CC-9FF1-C42AD84A6FD0,UserId=xgs35gur,AppId=APDS,Order=OrderInfo) OK
10:15:38 PM: OrderClasses.WebService.Order Authenticate(UserId=xgs35gur,Password=****,AppId=APDS) OK
10:24:29 PM: OrderClasses.WebService.Order Authenticate(UserId=xgs35gur,Password=****,AppId=APDS) OK
10:24:53 PM: OrderClasses.WebService.Order CalculateOrderLines(Token=3BBAD9D0-BED0-49CC-9FF1-C42AD84A6FD0,UserId=xgs35gur,AppId=APDS,Order=OrderInfo,ProductName=Insurance) OK
10:24:53 PM: OrderClasses.WebService.Order CalculateOrderLines(Token=3BBAD9D0-BED0-49CC-9FF1-C42AD84A6FD0,UserId=xgs35gur,AppId=APDS,Order=OrderInfo,ProductName=Insurance) OK
10:24:59 PM: OrderClasses.WebService.Order CalculateOrderLines(Token=3BBAD9D0-BED0-49CC-9FF1-C42AD84A6FD0,UserId=xgs35gur,AppId=APDS,Order=OrderInfo,ProductName=Insurance) OK
10:24:59 PM: PaymentService.Service GetCreditCards(includePrompt=True) OK
10:24:59 PM: PaymentService.Service GetBankAccount(includePrompt=True) OK
10:24:59 PM: PaymentService.Service GetPaymentType(ColumnFlag=P,CurrentUser=xgs35gur) OK
10:25:40 PM: OrderClasses.WebService.Order Authenticate(UserId=xgs35gur,Password=****,AppId=APDS) OK
10:26:01 PM: OrderClasses.WebService.Order CalculateOrderLines(Token=3BBAD9D0-BED0-49CC-9FF1-C42AD84A6FD0,UserId=xgs35gur,AppId=APDS,Order=OrderInfo,ProductName=Insurance) OK
10:26:01 PM: OrderClasses.WebService.Order CalculateOrderLines(Token=3BBAD9D0-BED0-49CC-9FF1-C42AD84A6FD0,UserId=xgs35gur,AppId=APDS,Order=OrderInfo,ProductName=Insurance) OK
10:26:16 PM: OrderClasses.WebService.Order CalculateOrderLines(Token=3BBAD9D0-BED0-49CC-9FF1-C42AD84A6FD0,UserId=xgs35gur,AppId=APDS,Order=OrderInfo,ProductName=Insurance) OK
10:26:16 PM: PaymentService.Service GetPaymentType(ColumnFlag=P,CurrentUser=xgs35gur) OK
10:26:25 PM: PaymentService.Service GetPaymentType(ColumnFlag=P,CurrentUser=xgs35gur) OK
10:26:32 PM: PaymentService.Service GetPaymentType(ColumnFlag=P,CurrentUser=xgs35gur) OK
10:27:27 PM: OrderClasses.WebService.Order ProcessOrder(Token=3BBAD9D0-BED0-49CC-9FF1-C42AD84A6FD0,UserId=xgs35gur,AppId=APDS,Order=OrderInfo) OK
10:46:50 PM: OrderClasses.WebService.Order Authenticate(UserId=xgs35gur,Password=****,AppId=APDS) OK
10:48:20 PM: OrderClasses.WebService.Order CalculateOrderLines(Token=3BBAD9D0-BED0-49CC-9FF1-C42AD84A6FD0,UserId=xgs35gur,AppId=APDS,Order=OrderInfo,ProductName=Insurance) OK
10:48:20 PM: OrderClasses.WebService.Order CalculateOrderLines(Token=3BBAD9D0-BED0-49CC-9FF1-C42AD84A6FD0,UserId=xgs35gur,AppId=APDS,Order=OrderInfo,ProductName=Insurance) OK
10:48:41 PM: OrderClasses.WebService.Order CalculateOrderLines(Token=3BBAD9D0-BED0-49CC-9FF1-C42AD84A6FD0,UserId=xgs35gur,AppId=APDS,Order=OrderInfo,ProductName=Insurance) OK
10:48:41 PM: PaymentService.Service GetPaymentType(ColumnFlag=P,CurrentUser=xgs35gur) OK
10:48:48 PM: PaymentService.Service GetPaymentType(ColumnFlag=P,CurrentUser=xgs35gur) OK
10:48:59 PM: PaymentService.Service GetPaymentType(ColumnFlag=P,CurrentUser=xgs35gur) OK
10:54:40 PM: OrderClasses.WebService.Order ProcessOrder(Token=3BBAD9D0-BED0-49CC-9FF1-C42AD84A6FD0,UserId=xgs35gur,AppId=APDS,Order=OrderInfo) OK
