1:16:43 AM: OrderClasses.WebService.Order CalculateOrderLines(Token=12479AC4-8765-4869-BF0E-862427B134E9,UserId=xgs35gur,AppId=APDS,Order=OrderInfo,ProductName=Insurance) OK
1:16:43 AM: OrderClasses.WebService.Order CalculateOrderLines(Token=12479AC4-8765-4869-BF0E-862427B134E9,UserId=xgs35gur,AppId=APDS,Order=OrderInfo,ProductName=Insurance) OK
1:16:45 AM: OrderClasses.WebService.Order CalculateOrderLines(Token=12479AC4-8765-4869-BF0E-862427B134E9,UserId=xgs35gur,AppId=APDS,Order=OrderInfo,ProductName=Insurance) OK
1:16:45 AM: OrderClasses.WebService.Order CalculateOrderLines(Token=12479AC4-8765-4869-BF0E-862427B134E9,UserId=xgs35gur,AppId=APDS,Order=OrderInfo,ProductName=Insurance) OK
1:16:49 AM: OrderClasses.WebService.Order CalculateOrderLines(Token=12479AC4-8765-4869-BF0E-862427B134E9,UserId=xgs35gur,AppId=APDS,Order=OrderInfo,ProductName=Insurance) OK
1:16:49 AM: PaymentService.Service GetCreditCards(includePrompt=True) OK
1:16:49 AM: PaymentService.Service GetBankAccount(includePrompt=True) OK
1:16:49 AM: PaymentService.Service GetPaymentType(ColumnFlag=P,CurrentUser=xgs35gur) OK
1:16:58 AM: PaymentService.Service GetPaymentType(ColumnFlag=P,CurrentUser=xgs35gur) OK
1:17:31 AM: PaymentService.Service GetPaymentType(ColumnFlag=P,CurrentUser=xgs35gur) OK
1:17:31 AM: PaymentService.Service GetMerchantReference(AppId=APDS) OK
1:17:31 AM: OrderClasses.WebService.Order GetReference(Token=12479AC4-8765-4869-BF0E-862427B134E9,UserId=xgs35gur,AppId=APDS,out Errors) OK
1:17:32 AM: OrderClasses.WebService.Order ProcessOrder(Token=12479AC4-8765-4869-BF0E-862427B134E9,UserId=xgs35gur,AppId=APDS,Order=OrderInfo) OK
1:17:39 AM: OrderClasses.WebService.Order ProcessOrder(Token=12479AC4-8765-4869-BF0E-862427B134E9,UserId=xgs35gur,AppId=APDS,Order=OrderInfo) OK
1:17:42 AM: PaymentService.Service GetCreditCards(includePrompt=True) OK
1:22:02 AM: OrderClasses.WebService.Order CalculateOrderLines(Token=12479AC4-8765-4869-BF0E-862427B134E9,UserId=xgs35gur,AppId=APDS,Order=OrderInfo,ProductName=Insurance) OK
1:22:02 AM: OrderClasses.WebService.Order CalculateOrderLines(Token=12479AC4-8765-4869-BF0E-862427B134E9,UserId=xgs35gur,AppId=APDS,Order=OrderInfo,ProductName=Insurance) OK
1:22:06 AM: OrderClasses.WebService.Order CalculateOrderLines(Token=12479AC4-8765-4869-BF0E-862427B134E9,UserId=xgs35gur,AppId=APDS,Order=OrderInfo,ProductName=Insurance) OK
1:22:06 AM: PaymentService.Service GetCreditCards(includePrompt=True) OK
1:22:06 AM: PaymentService.Service GetBankAccount(includePrompt=True) OK
1:22:06 AM: PaymentService.Service GetPaymentType(ColumnFlag=P,CurrentUser=xgs35gur) OK
1:22:12 AM: PaymentService.Service GetCreditCards(includePrompt=True) OK
1:22:20 AM: OrderClasses.WebService.Order CalculateOrderLines(Token=12479AC4-8765-4869-BF0E-862427B134E9,UserId=xgs35gur,AppId=APDS,Order=OrderInfo,ProductName=Insurance) OK
1:22:20 AM: OrderClasses.WebService.Order CalculateOrderLines(Token=12479AC4-8765-4869-BF0E-862427B134E9,UserId=xgs35gur,AppId=APDS,Order=OrderInfo,ProductName=Insurance) OK
1:22:24 AM: OrderClasses.WebService.Order CalculateOrderLines(Token=12479AC4-8765-4869-BF0E-862427B134E9,UserId=xgs35gur,AppId=APDS,Order=OrderInfo,ProductName=Insurance) OK
1:22:24 AM: PaymentService.Service GetPaymentType(ColumnFlag=P,CurrentUser=xgs35gur) OK
1:22:33 AM: PaymentService.Service GetPaymentType(ColumnFlag=P,CurrentUser=xgs35gur) OK
1:22:51 AM: PaymentService.Service GetPaymentType(ColumnFlag=P,CurrentUser=xgs35gur) OK
1:22:51 AM: PaymentService.Service GetMerchantReference(AppId=APDS) OK
1:22:51 AM: OrderClasses.WebService.Order GetReference(Token=12479AC4-8765-4869-BF0E-862427B134E9,UserId=xgs35gur,AppId=APDS,out Errors) OK
1:22:52 AM: OrderClasses.WebService.Order ProcessOrder(Token=12479AC4-8765-4869-BF0E-862427B134E9,UserId=xgs35gur,AppId=APDS,Order=OrderInfo) OK
1:33:54 AM: OrderClasses.WebService.Order ProcessOrder(Token=12479AC4-8765-4869-BF0E-862427B134E9,UserId=xgs35gur,AppId=APDS,Order=OrderInfo) OK
1:36:19 AM: OrderClasses.WebService.Order Authenticate(UserId=xgs35gur,Password=****,AppId=APDS) OK
1:36:29 AM: OrderClasses.WebService.Order CalculateOrderLines(Token=12479AC4-8765-4869-BF0E-862427B134E9,UserId=xgs35gur,AppId=APDS,Order=OrderInfo,ProductName=Insurance) OK
1:36:29 AM: OrderClasses.WebService.Order CalculateOrderLines(Token=12479AC4-8765-4869-BF0E-862427B134E9,UserId=xgs35gur,AppId=APDS,Order=OrderInfo,ProductName=Insurance) OK
1:36:36 AM: OrderClasses.WebService.Order CalculateOrderLines(Token=12479AC4-8765-4869-BF0E-862427B134E9,UserId=xgs35gur,AppId=APDS,Order=OrderInfo,ProductName=Insurance) OK
1:36:36 AM: PaymentService.Service GetPaymentType(ColumnFlag=P,CurrentUser=xgs35gur) OK
1:36:44 AM: PaymentService.Service GetPaymentType(ColumnFlag=P,CurrentUser=xgs35gur) OK
1:37:03 AM: PaymentService.Service GetPaymentType(ColumnFlag=P,CurrentUser=xgs35gur) OK
1:37:05 AM: PaymentService.Service GetMerchantReference(AppId=APDS) OK
1:37:05 AM: OrderClasses.WebService.Order GetReference(Token=12479AC4-8765-4869-BF0E-862427B134E9,UserId=xgs35gur,AppId=APDS,out Errors) OK
1:37:40 AM: OrderClasses.WebService.Order ProcessOrder(Token=12479AC4-8765-4869-BF0E-862427B134E9,UserId=xgs35gur,AppId=APDS,Order=OrderInfo) OK
1:38:42 AM: OrderClasses.WebService.Order ProcessOrder(Token=12479AC4-8765-4869-BF0E-862427B134E9,UserId=xgs35gur,AppId=APDS,Order=OrderInfo) OK
2:11:21 AM: OrderClasses.WebService.Order Authenticate(UserId=xgs35gur,Password=****,AppId=APDS) OK
2:11:39 AM: PaymentService.Service GetCreditCards(includePrompt=True) OK
3:51:05 AM: OrderClasses.WebService.Order Authenticate(UserId=xgs35gur,Password=****,AppId=APDS) OK
3:51:15 AM: PaymentService.Service GetCreditCards(includePrompt=True) OK
4:30:22 AM: OrderClasses.WebService.Order Authenticate(UserId=xgs35gur,Password=****,AppId=APDS) OK
4:30:33 AM: PaymentService.Service GetCreditCards(includePrompt=True) OK
4:31:08 AM: OrderClasses.WebService.Order CalculateOrderLines(Token=12479AC4-8765-4869-BF0E-862427B134E9,UserId=xgs35gur,AppId=APDS,Order=OrderInfo,ProductName=Insurance) OK
4:31:08 AM: OrderClasses.WebService.Order CalculateOrderLines(Token=12479AC4-8765-4869-BF0E-862427B134E9,UserId=xgs35gur,AppId=APDS,Order=OrderInfo,ProductName=Insurance) OK
4:31:13 AM: OrderClasses.WebService.Order CalculateOrderLines(Token=12479AC4-8765-4869-BF0E-862427B134E9,UserId=xgs35gur,AppId=APDS,Order=OrderInfo,ProductName=Insurance) OK
4:31:13 AM: OrderClasses.WebService.Order CalculateOrderLines(Token=12479AC4-8765-4869-BF0E-862427B134E9,UserId=xgs35gur,AppId=APDS,Order=OrderInfo,ProductName=Insurance) OK
4:32:08 AM: OrderClasses.WebService.Order CalculateOrderLines(Token=12479AC4-8765-4869-BF0E-862427B134E9,UserId=xgs35gur,AppId=APDS,Order=OrderInfo,ProductName=Insurance) OK
4:32:11 AM: OrderClasses.WebService.Order CalculateOrderLines(Token=12479AC4-8765-4869-BF0E-862427B134E9,UserId=xgs35gur,AppId=APDS,Order=OrderInfo,ProductName=Insurance) OK
4:33:18 AM: OrderClasses.WebService.Order CalculateOrderLines(Token=12479AC4-8765-4869-BF0E-862427B134E9,UserId=xgs35gur,AppId=APDS,Order=OrderInfo,ProductName=Insurance) OK
4:33:18 AM: PaymentService.Service GetCreditCards(includePrompt=True) OK
4:33:18 AM: PaymentService.Service GetBankAccount(includePrompt=True) OK
4:33:18 AM: PaymentService.Service GetPaymentType(ColumnFlag=P,CurrentUser=xgs35gur) OK
4:33:44 AM: PaymentService.Service GetPaymentType(ColumnFlag=P,CurrentUser=xgs35gur) OK
4:34:02 AM: PaymentService.Service GetPaymentType(ColumnFlag=P,CurrentUser=xgs35gur) OK
4:34:05 AM: PaymentService.Service GetMerchantReference(AppId=APDS) OK
4:34:05 AM: OrderClasses.WebService.Order GetReference(Token=12479AC4-8765-4869-BF0E-862427B134E9,UserId=xgs35gur,AppId=APDS,out Errors) OK
4:39:48 AM: OrderClasses.WebService.Order ProcessOrder(Token=12479AC4-8765-4869-BF0E-862427B134E9,UserId=xgs35gur,AppId=APDS,Order=OrderInfo) OK
4:42:21 AM: OrderClasses.WebService.Order ProcessOrder(Token=12479AC4-8765-4869-BF0E-862427B134E9,UserId=xgs35gur,AppId=APDS,Order=OrderInfo) OK
4:42:56 AM: OrderClasses.WebService.Order CalculateOrderLines(Token=12479AC4-8765-4869-BF0E-862427B134E9,UserId=xgs35gur,AppId=APDS,Order=OrderInfo,ProductName=Insurance) OK
4:42:56 AM: OrderClasses.WebService.Order CalculateOrderLines(Token=12479AC4-8765-4869-BF0E-862427B134E9,UserId=xgs35gur,AppId=APDS,Order=OrderInfo,ProductName=Insurance) OK
4:43:19 AM: OrderClasses.WebService.Order CalculateOrderLines(Token=12479AC4-8765-4869-BF0E-862427B134E9,UserId=xgs35gur,AppId=APDS,Order=OrderInfo,ProductName=Insurance) OK
4:43:19 AM: PaymentService.Service GetPaymentType(ColumnFlag=P,CurrentUser=xgs35gur) OK
4:43:35 AM: PaymentService.Service GetPaymentType(ColumnFlag=P,CurrentUser=xgs35gur) OK
4:43:52 AM: PaymentService.Service GetPaymentType(ColumnFlag=P,CurrentUser=xgs35gur) OK
4:43:59 AM: PaymentService.Service GetMerchantReference(AppId=APDS) OK
4:43:59 AM: OrderClasses.WebService.Order GetReference(Token=12479AC4-8765-4869-BF0E-862427B134E9,UserId=xgs35gur,AppId=APDS,out Errors) OK
4:55:32 AM: OrderClasses.WebService.Order ProcessOrder(Token=12479AC4-8765-4869-BF0E-862427B134E9,UserId=xgs35gur,AppId=APDS,Order=OrderInfo) OK
4:55:44 AM: OrderClasses.WebService.Order Authenticate(UserId=xgs35gur,Password=****,AppId=APDS) OK
4:55:52 AM: OrderClasses.WebService.Order CalculateOrderLines(Token=12479AC4-8765-4869-BF0E-862427B134E9,UserId=xgs35gur,AppId=APDS,Order=OrderInfo,ProductName=Insurance) OK
4:55:52 AM: OrderClasses.WebService.Order CalculateOrderLines(Token=12479AC4-8765-4869-BF0E-862427B134E9,UserId=xgs35gur,AppId=APDS,Order=OrderInfo,ProductName=Insurance) OK
4:55:57 AM: OrderClasses.WebService.Order CalculateOrderLines(Token=12479AC4-8765-4869-BF0E-862427B134E9,UserId=xgs35gur,AppId=APDS,Order=OrderInfo,ProductName=Insurance) OK
4:55:57 AM: PaymentService.Service GetPaymentType(ColumnFlag=P,CurrentUser=xgs35gur) OK
4:56:07 AM: PaymentService.Service GetPaymentType(ColumnFlag=P,CurrentUser=xgs35gur) OK
4:56:20 AM: PaymentService.Service GetPaymentType(ColumnFlag=P,CurrentUser=xgs35gur) OK
4:56:29 AM: PaymentService.Service GetPaymentType(ColumnFlag=P,CurrentUser=xgs35gur) OK
4:56:30 AM: PaymentService.Service GetMerchantReference(AppId=APDS) OK
4:56:30 AM: OrderClasses.WebService.Order GetReference(Token=12479AC4-8765-4869-BF0E-862427B134E9,UserId=xgs35gur,AppId=APDS,out Errors) OK
4:56:51 AM: OrderClasses.WebService.Order ProcessOrder(Token=12479AC4-8765-4869-BF0E-862427B134E9,UserId=xgs35gur,AppId=APDS,Order=OrderInfo) OK
6:09:29 AM: OrderClasses.WebService.Order ProcessOrder(Token=12479AC4-8765-4869-BF0E-862427B134E9,UserId=xgs35gur,AppId=APDS,Order=OrderInfo) OK
10:48:30 PM: OrderClasses.WebService.Order Authenticate(UserId=xgs35gur,Password=****,AppId=APDS) OK
10:48:57 PM: OrderClasses.WebService.Order CalculateOrderLines(Token=6CFC915F-29BA-4E70-B047-8B4DD7310E0F,UserId=xgs35gur,AppId=APDS,Order=OrderInfo,ProductName=Insurance) OK
10:48:57 PM: OrderClasses.WebService.Order CalculateOrderLines(Token=6CFC915F-29BA-4E70-B047-8B4DD7310E0F,UserId=xgs35gur,AppId=APDS,Order=OrderInfo,ProductName=Insurance) OK
10:49:54 PM: OrderClasses.WebService.Order CalculateOrderLines(Token=6CFC915F-29BA-4E70-B047-8B4DD7310E0F,UserId=xgs35gur,AppId=APDS,Order=OrderInfo,ProductName=Insurance) OK
10:49:55 PM: PaymentService.Service GetCreditCards(includePrompt=True) OK
10:49:55 PM: PaymentService.Service GetBankAccount(includePrompt=True) OK
10:49:55 PM: PaymentService.Service GetPaymentType(ColumnFlag=P,CurrentUser=xgs35gur) OK
10:50:14 PM: PaymentService.Service GetPaymentType(ColumnFlag=P,CurrentUser=xgs35gur) OK
10:50:34 PM: PaymentService.Service GetPaymentType(ColumnFlag=P,CurrentUser=xgs35gur) OK
10:51:23 PM: PaymentService.Service GetMerchantReference(AppId=APDS) OK
10:51:23 PM: OrderClasses.WebService.Order GetReference(Token=6CFC915F-29BA-4E70-B047-8B4DD7310E0F,UserId=xgs35gur,AppId=APDS,out Errors) OK
10:54:51 PM: OrderClasses.WebService.Order ProcessOrder(Token=6CFC915F-29BA-4E70-B047-8B4DD7310E0F,UserId=xgs35gur,AppId=APDS,Order=OrderInfo) OK
10:55:30 PM: OrderClasses.WebService.Order Authenticate(UserId=xgs35gur,Password=****,AppId=APDS) OK
10:55:39 PM: OrderClasses.WebService.Order CalculateOrderLines(Token=6CFC915F-29BA-4E70-B047-8B4DD7310E0F,UserId=xgs35gur,AppId=APDS,Order=OrderInfo,ProductName=Insurance) OK
10:55:39 PM: OrderClasses.WebService.Order CalculateOrderLines(Token=6CFC915F-29BA-4E70-B047-8B4DD7310E0F,UserId=xgs35gur,AppId=APDS,Order=OrderInfo,ProductName=Insurance) OK
10:57:30 PM: OrderClasses.WebService.Order CalculateOrderLines(Token=6CFC915F-29BA-4E70-B047-8B4DD7310E0F,UserId=xgs35gur,AppId=APDS,Order=OrderInfo,ProductName=Insurance) OK
10:57:30 PM: PaymentService.Service GetPaymentType(ColumnFlag=P,CurrentUser=xgs35gur) OK
10:57:41 PM: PaymentService.Service GetPaymentType(ColumnFlag=P,CurrentUser=xgs35gur) OK
10:58:03 PM: PaymentService.Service GetPaymentType(ColumnFlag=P,CurrentUser=xgs35gur) OK
10:59:08 PM: PaymentService.Service GetMerchantReference(AppId=APDS) OK
10:59:08 PM: OrderClasses.WebService.Order GetReference(Token=6CFC915F-29BA-4E70-B047-8B4DD7310E0F,UserId=xgs35gur,AppId=APDS,out Errors) OK
